This file contains any messages produced by compilers while
running configure, to aid debugging if configure makes a mistake.

It was created by GRUB configure 1.98, which was
generated by GNU Autoconf 2.65.  Invocation command line was

  $ ./configure --prefix=/home/xxha/git-server/open-source/grub-1.98/install --disable-werror

## --------- ##
## Platform. ##
## --------- ##

hostname = PAF4
uname -m = i686
uname -r = 3.8.0-29-generic
uname -s = Linux
uname -v = #42~precise1-Ubuntu SMP Wed Aug 14 15:31:16 UTC 2013

/usr/bin/uname -p = unknown
/bin/uname -X     = unknown

/bin/arch              = unknown
/usr/bin/arch -k       = unknown
/usr/convex/getsysinfo = unknown
/usr/bin/hostinfo      = unknown
/bin/machine           = unknown
/usr/bin/oslevel       = unknown
/bin/universe          = unknown

PATH: /usr/local/sbin
PATH: /usr/local/bin
PATH: /usr/sbin
PATH: /usr/bin
PATH: /sbin
PATH: /bin
PATH: /usr/games
PATH: /home/xxha/cross_compile/gcc-4.1.2-glibc-2.5-nptl-3/arm-none-linux-gnueabi/bin


## ----------- ##
## Core tests. ##
## ----------- ##

configure:2440: checking for a BSD-compatible install
configure:2508: result: /usr/bin/install -c
configure:2519: checking whether build environment is sane
configure:2569: result: yes
configure:2710: checking for a thread-safe mkdir -p
configure:2749: result: /bin/mkdir -p
configure:2762: checking for gawk
configure:2792: result: no
configure:2762: checking for mawk
configure:2778: found /usr/bin/mawk
configure:2789: result: mawk
configure:2800: checking whether make sets $(MAKE)
configure:2822: result: yes
configure:2912: checking build system type
configure:2926: result: i686-pc-linux-gnu
configure:2946: checking host system type
configure:2959: result: i686-pc-linux-gnu
configure:2979: checking target system type
configure:2992: result: i686-pc-linux-gnu
configure:3144: checking for cmp
configure:3160: found /usr/bin/cmp
configure:3171: result: cmp
configure:3190: checking for bison
configure:3206: found /usr/bin/bison
configure:3217: result: bison
configure:3245: checking for gawk
configure:3272: result: mawk
configure:3283: checking whether make sets $(MAKE)
configure:3305: result: yes
configure:3319: checking for ruby
configure:3352: result: no
configure:3359: checking for makeinfo
configure:3392: result: no
configure:3450: checking for gcc
configure:3466: found /usr/bin/gcc
configure:3477: result: gcc
configure:3706: checking for C compiler version
configure:3715: gcc --version >&5
gcc (Ubuntu/Linaro 4.6.3-1ubuntu5) 4.6.3
Copyright (C) 2011 Free Software Foundation, Inc.
This is free software; see the source for copying conditions.  There is NO
warranty; not even for MERCHANTABILITY or FITNESS FOR A PARTICULAR PURPOSE.

configure:3726: $? = 0
configure:3715: gcc -v >&5
Using built-in specs.
COLLECT_GCC=gcc
COLLECT_LTO_WRAPPER=/usr/lib/gcc/i686-linux-gnu/4.6/lto-wrapper
Target: i686-linux-gnu
Configured with: ../src/configure -v --with-pkgversion='Ubuntu/Linaro 4.6.3-1ubuntu5' --with-bugurl=file:///usr/share/doc/gcc-4.6/README.Bugs --enable-languages=c,c++,fortran,objc,obj-c++ --prefix=/usr --program-suffix=-4.6 --enable-shared --enable-linker-build-id --with-system-zlib --libexecdir=/usr/lib --without-included-gettext --enable-threads=posix --with-gxx-include-dir=/usr/include/c++/4.6 --libdir=/usr/lib --enable-nls --with-sysroot=/ --enable-clocale=gnu --enable-libstdcxx-debug --enable-libstdcxx-time=yes --enable-gnu-unique-object --enable-plugin --enable-objc-gc --enable-targets=all --disable-werror --with-arch-32=i686 --with-tune=generic --enable-checking=release --build=i686-linux-gnu --host=i686-linux-gnu --target=i686-linux-gnu
Thread model: posix
gcc version 4.6.3 (Ubuntu/Linaro 4.6.3-1ubuntu5) 
configure:3726: $? = 0
configure:3715: gcc -V >&5
gcc: error: unrecognized option '-V'
gcc: fatal error: no input files
compilation terminated.
configure:3726: $? = 4
configure:3715: gcc -qversion >&5
gcc: error: unrecognized option '-qversion'
gcc: fatal error: no input files
compilation terminated.
configure:3726: $? = 4
configure:3746: checking whether the C compiler works
configure:3768: gcc  -DGRUB_MACHINE_PCBIOS=1   conftest.c  >&5
configure:3772: $? = 0
configure:3821: result: yes
configure:3824: checking for C compiler default output file name
configure:3826: result: a.out
configure:3832: checking for suffix of executables
configure:3839: gcc -o conftest  -DGRUB_MACHINE_PCBIOS=1   conftest.c  >&5
configure:3843: $? = 0
configure:3865: result: 
configure:3887: checking whether we are cross compiling
configure:3895: gcc -o conftest  -DGRUB_MACHINE_PCBIOS=1   conftest.c  >&5
configure:3899: $? = 0
configure:3906: ./conftest
configure:3910: $? = 0
configure:3925: result: no
configure:3930: checking for suffix of object files
configure:3952: gcc -c  -DGRUB_MACHINE_PCBIOS=1  conftest.c >&5
configure:3956: $? = 0
configure:3977: result: o
configure:3981: checking whether we are using the GNU C compiler
configure:4000: gcc -c  -DGRUB_MACHINE_PCBIOS=1  conftest.c >&5
configure:4000: $? = 0
configure:4009: result: yes
configure:4018: checking whether gcc accepts -g
configure:4038: gcc -c -g  conftest.c >&5
configure:4038: $? = 0
configure:4079: result: yes
configure:4096: checking for gcc option to accept ISO C89
configure:4160: gcc  -c  -DGRUB_MACHINE_PCBIOS=1  conftest.c >&5
configure:4160: $? = 0
configure:4173: result: none needed
configure:4204: checking for style of include used by make
configure:4232: result: GNU
configure:4257: checking dependency style of gcc
configure:4367: result: none
configure:4391: checking how to run the C preprocessor
configure:4422: gcc -E  conftest.c
configure:4422: $? = 0
configure:4436: gcc -E  conftest.c
conftest.c:11:28: fatal error: ac_nonexistent.h: No such file or directory
compilation terminated.
configure:4436: $? = 1
configure: failed program was:
| /* confdefs.h */
| #define PACKAGE_NAME "GRUB"
| #define PACKAGE_TARNAME "grub"
| #define PACKAGE_VERSION "1.98"
| #define PACKAGE_STRING "GRUB 1.98"
| #define PACKAGE_BUGREPORT "bug-grub@gnu.org"
| #define PACKAGE_URL ""
| #define PACKAGE "grub"
| #define VERSION "1.98"
| /* end confdefs.h.  */
| #include <ac_nonexistent.h>
configure:4461: result: gcc -E
configure:4481: gcc -E  conftest.c
configure:4481: $? = 0
configure:4495: gcc -E  conftest.c
conftest.c:11:28: fatal error: ac_nonexistent.h: No such file or directory
compilation terminated.
configure:4495: $? = 1
configure: failed program was:
| /* confdefs.h */
| #define PACKAGE_NAME "GRUB"
| #define PACKAGE_TARNAME "grub"
| #define PACKAGE_VERSION "1.98"
| #define PACKAGE_STRING "GRUB 1.98"
| #define PACKAGE_BUGREPORT "bug-grub@gnu.org"
| #define PACKAGE_URL ""
| #define PACKAGE "grub"
| #define VERSION "1.98"
| /* end confdefs.h.  */
| #include <ac_nonexistent.h>
configure:4524: checking for grep that handles long lines and -e
configure:4582: result: /bin/grep
configure:4587: checking for egrep
configure:4649: result: /bin/grep -E
configure:4654: checking for ANSI C header files
configure:4674: gcc -c  -DGRUB_MACHINE_PCBIOS=1  conftest.c >&5
configure:4674: $? = 0
configure:4747: gcc -o conftest  -DGRUB_MACHINE_PCBIOS=1   conftest.c  >&5
configure:4747: $? = 0
configure:4747: ./conftest
configure:4747: $? = 0
configure:4758: result: yes
configure:4771: checking for sys/types.h
configure:4771: gcc -c  -DGRUB_MACHINE_PCBIOS=1  conftest.c >&5
configure:4771: $? = 0
configure:4771: result: yes
configure:4771: checking for sys/stat.h
configure:4771: gcc -c  -DGRUB_MACHINE_PCBIOS=1  conftest.c >&5
configure:4771: $? = 0
configure:4771: result: yes
configure:4771: checking for stdlib.h
configure:4771: gcc -c  -DGRUB_MACHINE_PCBIOS=1  conftest.c >&5
configure:4771: $? = 0
configure:4771: result: yes
configure:4771: checking for string.h
configure:4771: gcc -c  -DGRUB_MACHINE_PCBIOS=1  conftest.c >&5
configure:4771: $? = 0
configure:4771: result: yes
configure:4771: checking for memory.h
configure:4771: gcc -c  -DGRUB_MACHINE_PCBIOS=1  conftest.c >&5
configure:4771: $? = 0
configure:4771: result: yes
configure:4771: checking for strings.h
configure:4771: gcc -c  -DGRUB_MACHINE_PCBIOS=1  conftest.c >&5
configure:4771: $? = 0
configure:4771: result: yes
configure:4771: checking for inttypes.h
configure:4771: gcc -c  -DGRUB_MACHINE_PCBIOS=1  conftest.c >&5
configure:4771: $? = 0
configure:4771: result: yes
configure:4771: checking for stdint.h
configure:4771: gcc -c  -DGRUB_MACHINE_PCBIOS=1  conftest.c >&5
configure:4771: $? = 0
configure:4771: result: yes
configure:4771: checking for unistd.h
configure:4771: gcc -c  -DGRUB_MACHINE_PCBIOS=1  conftest.c >&5
configure:4771: $? = 0
configure:4771: result: yes
configure:4785: checking minix/config.h usability
configure:4785: gcc -c  -DGRUB_MACHINE_PCBIOS=1  conftest.c >&5
conftest.c:54:26: fatal error: minix/config.h: No such file or directory
compilation terminated.
configure:4785: $? = 1
configure: failed program was:
| /* confdefs.h */
| #define PACKAGE_NAME "GRUB"
| #define PACKAGE_TARNAME "grub"
| #define PACKAGE_VERSION "1.98"
| #define PACKAGE_STRING "GRUB 1.98"
| #define PACKAGE_BUGREPORT "bug-grub@gnu.org"
| #define PACKAGE_URL ""
| #define PACKAGE "grub"
| #define VERSION "1.98"
| #define STDC_HEADERS 1
| #define HAVE_SYS_TYPES_H 1
| #define HAVE_SYS_STAT_H 1
| #define HAVE_STDLIB_H 1
| #define HAVE_STRING_H 1
| #define HAVE_MEMORY_H 1
| #define HAVE_STRINGS_H 1
| #define HAVE_INTTYPES_H 1
| #define HAVE_STDINT_H 1
| #define HAVE_UNISTD_H 1
| /* end confdefs.h.  */
| #include <stdio.h>
| #ifdef HAVE_SYS_TYPES_H
| # include <sys/types.h>
| #endif
| #ifdef HAVE_SYS_STAT_H
| # include <sys/stat.h>
| #endif
| #ifdef STDC_HEADERS
| # include <stdlib.h>
| # include <stddef.h>
| #else
| # ifdef HAVE_STDLIB_H
| #  include <stdlib.h>
| # endif
| #endif
| #ifdef HAVE_STRING_H
| # if !defined STDC_HEADERS && defined HAVE_MEMORY_H
| #  include <memory.h>
| # endif
| # include <string.h>
| #endif
| #ifdef HAVE_STRINGS_H
| # include <strings.h>
| #endif
| #ifdef HAVE_INTTYPES_H
| # include <inttypes.h>
| #endif
| #ifdef HAVE_STDINT_H
| # include <stdint.h>
| #endif
| #ifdef HAVE_UNISTD_H
| # include <unistd.h>
| #endif
| #include <minix/config.h>
configure:4785: result: no
configure:4785: checking minix/config.h presence
configure:4785: gcc -E  conftest.c
conftest.c:21:26: fatal error: minix/config.h: No such file or directory
compilation terminated.
configure:4785: $? = 1
configure: failed program was:
| /* confdefs.h */
| #define PACKAGE_NAME "GRUB"
| #define PACKAGE_TARNAME "grub"
| #define PACKAGE_VERSION "1.98"
| #define PACKAGE_STRING "GRUB 1.98"
| #define PACKAGE_BUGREPORT "bug-grub@gnu.org"
| #define PACKAGE_URL ""
| #define PACKAGE "grub"
| #define VERSION "1.98"
| #define STDC_HEADERS 1
| #define HAVE_SYS_TYPES_H 1
| #define HAVE_SYS_STAT_H 1
| #define HAVE_STDLIB_H 1
| #define HAVE_STRING_H 1
| #define HAVE_MEMORY_H 1
| #define HAVE_STRINGS_H 1
| #define HAVE_INTTYPES_H 1
| #define HAVE_STDINT_H 1
| #define HAVE_UNISTD_H 1
| /* end confdefs.h.  */
| #include <minix/config.h>
configure:4785: result: no
configure:4785: checking for minix/config.h
configure:4785: result: no
configure:4806: checking whether it is safe to define __EXTENSIONS__
configure:4824: gcc -c  -DGRUB_MACHINE_PCBIOS=1  conftest.c >&5
configure:4824: $? = 0
configure:4831: result: yes
configure:4847: checking whether NLS is requested
configure:4856: result: yes
configure:4897: checking for msgfmt
configure:4932: result: no
configure:4938: checking for gmsgfmt
configure:4969: result: :
configure:5020: checking for xgettext
configure:5055: result: no
configure:5098: checking for msgmerge
configure:5132: result: no
configure:5186: checking for ld used by GCC
configure:5250: result: /usr/bin/ld
configure:5257: checking if the linker (/usr/bin/ld) is GNU ld
configure:5270: result: yes
configure:5277: checking for shared library run path origin
configure:5290: result: done
configure:5791: checking for CFPreferencesCopyAppValue
configure:5809: gcc -o conftest  -DGRUB_MACHINE_PCBIOS=1   conftest.c  -Wl,-framework -Wl,CoreFoundation >&5
conftest.c:26:42: fatal error: CoreFoundation/CFPreferences.h: No such file or directory
compilation terminated.
configure:5809: $? = 1
configure: failed program was:
| /* confdefs.h */
| #define PACKAGE_NAME "GRUB"
| #define PACKAGE_TARNAME "grub"
| #define PACKAGE_VERSION "1.98"
| #define PACKAGE_STRING "GRUB 1.98"
| #define PACKAGE_BUGREPORT "bug-grub@gnu.org"
| #define PACKAGE_URL ""
| #define PACKAGE "grub"
| #define VERSION "1.98"
| #define STDC_HEADERS 1
| #define HAVE_SYS_TYPES_H 1
| #define HAVE_SYS_STAT_H 1
| #define HAVE_STDLIB_H 1
| #define HAVE_STRING_H 1
| #define HAVE_MEMORY_H 1
| #define HAVE_STRINGS_H 1
| #define HAVE_INTTYPES_H 1
| #define HAVE_STDINT_H 1
| #define HAVE_UNISTD_H 1
| #define __EXTENSIONS__ 1
| #define _ALL_SOURCE 1
| #define _GNU_SOURCE 1
| #define _POSIX_PTHREAD_SEMANTICS 1
| #define _TANDEM_SOURCE 1
| /* end confdefs.h.  */
| #include <CoreFoundation/CFPreferences.h>
| int
| main (void)
| {
| CFPreferencesCopyAppValue(NULL, NULL)
|   ;
|   return 0;
| }
configure:5818: result: no
configure:5825: checking for CFLocaleCopyCurrent
configure:5843: gcc -o conftest  -DGRUB_MACHINE_PCBIOS=1   conftest.c  -Wl,-framework -Wl,CoreFoundation >&5
conftest.c:26:37: fatal error: CoreFoundation/CFLocale.h: No such file or directory
compilation terminated.
configure:5843: $? = 1
configure: failed program was:
| /* confdefs.h */
| #define PACKAGE_NAME "GRUB"
| #define PACKAGE_TARNAME "grub"
| #define PACKAGE_VERSION "1.98"
| #define PACKAGE_STRING "GRUB 1.98"
| #define PACKAGE_BUGREPORT "bug-grub@gnu.org"
| #define PACKAGE_URL ""
| #define PACKAGE "grub"
| #define VERSION "1.98"
| #define STDC_HEADERS 1
| #define HAVE_SYS_TYPES_H 1
| #define HAVE_SYS_STAT_H 1
| #define HAVE_STDLIB_H 1
| #define HAVE_STRING_H 1
| #define HAVE_MEMORY_H 1
| #define HAVE_STRINGS_H 1
| #define HAVE_INTTYPES_H 1
| #define HAVE_STDINT_H 1
| #define HAVE_UNISTD_H 1
| #define __EXTENSIONS__ 1
| #define _ALL_SOURCE 1
| #define _GNU_SOURCE 1
| #define _POSIX_PTHREAD_SEMANTICS 1
| #define _TANDEM_SOURCE 1
| /* end confdefs.h.  */
| #include <CoreFoundation/CFLocale.h>
| int
| main (void)
| {
| CFLocaleCopyCurrent();
|   ;
|   return 0;
| }
configure:5852: result: no
configure:5901: checking for GNU gettext in libc
configure:5921: gcc -o conftest  -DGRUB_MACHINE_PCBIOS=1   conftest.c  >&5
configure:5921: $? = 0
configure:5930: result: yes
configure:6676: checking whether to use NLS
configure:6678: result: yes
configure:6681: checking where the gettext function comes from
configure:6692: result: libc
configure:6756: checking for special C compiler options needed for large files
configure:6801: result: no
configure:6807: checking for _FILE_OFFSET_BITS value needed for large files
configure:6832: gcc -c  -DGRUB_MACHINE_PCBIOS=1  conftest.c >&5
conftest.c:35:3: warning: left shift count >= width of type [enabled by default]
conftest.c:35:3: warning: left shift count >= width of type [enabled by default]
conftest.c:36:10: warning: left shift count >= width of type [enabled by default]
conftest.c:36:10: warning: left shift count >= width of type [enabled by default]
conftest.c:35:7: error: size of array 'off_t_is_large' is negative
conftest.c:37:9: warning: variably modified 'off_t_is_large' at file scope [enabled by default]
configure:6832: $? = 1
configure: failed program was:
| /* confdefs.h */
| #define PACKAGE_NAME "GRUB"
| #define PACKAGE_TARNAME "grub"
| #define PACKAGE_VERSION "1.98"
| #define PACKAGE_STRING "GRUB 1.98"
| #define PACKAGE_BUGREPORT "bug-grub@gnu.org"
| #define PACKAGE_URL ""
| #define PACKAGE "grub"
| #define VERSION "1.98"
| #define STDC_HEADERS 1
| #define HAVE_SYS_TYPES_H 1
| #define HAVE_SYS_STAT_H 1
| #define HAVE_STDLIB_H 1
| #define HAVE_STRING_H 1
| #define HAVE_MEMORY_H 1
| #define HAVE_STRINGS_H 1
| #define HAVE_INTTYPES_H 1
| #define HAVE_STDINT_H 1
| #define HAVE_UNISTD_H 1
| #define __EXTENSIONS__ 1
| #define _ALL_SOURCE 1
| #define _GNU_SOURCE 1
| #define _POSIX_PTHREAD_SEMANTICS 1
| #define _TANDEM_SOURCE 1
| #define ENABLE_NLS 1
| #define HAVE_GETTEXT 1
| #define HAVE_DCGETTEXT 1
| /* end confdefs.h.  */
| #include <sys/types.h>
|  /* Check that off_t can represent 2**63 - 1 correctly.
|     We can't simply define LARGE_OFF_T to be 9223372036854775807,
|     since some C++ compilers masquerading as C compilers
|     incorrectly reject 9223372036854775807.  */
| #define LARGE_OFF_T (((off_t) 1 << 62) - 1 + ((off_t) 1 << 62))
|   int off_t_is_large[(LARGE_OFF_T % 2147483629 == 721
| 		       && LARGE_OFF_T % 2147483647 == 1)
| 		      ? 1 : -1];
| int
| main (void)
| {
| 
|   ;
|   return 0;
| }
configure:6856: gcc -c  -DGRUB_MACHINE_PCBIOS=1  conftest.c >&5
configure:6856: $? = 0
configure:6864: result: 64
configure:6949: checking whether byte ordering is bigendian
configure:6964: gcc -c  -DGRUB_MACHINE_PCBIOS=1  conftest.c >&5
conftest.c:31:9: error: unknown type name 'not'
conftest.c:31:15: error: expected '=', ',', ';', 'asm' or '__attribute__' before 'universal'
conftest.c:31:15: error: unknown type name 'universal'
configure:6964: $? = 1
configure: failed program was:
| /* confdefs.h */
| #define PACKAGE_NAME "GRUB"
| #define PACKAGE_TARNAME "grub"
| #define PACKAGE_VERSION "1.98"
| #define PACKAGE_STRING "GRUB 1.98"
| #define PACKAGE_BUGREPORT "bug-grub@gnu.org"
| #define PACKAGE_URL ""
| #define PACKAGE "grub"
| #define VERSION "1.98"
| #define STDC_HEADERS 1
| #define HAVE_SYS_TYPES_H 1
| #define HAVE_SYS_STAT_H 1
| #define HAVE_STDLIB_H 1
| #define HAVE_STRING_H 1
| #define HAVE_MEMORY_H 1
| #define HAVE_STRINGS_H 1
| #define HAVE_INTTYPES_H 1
| #define HAVE_STDINT_H 1
| #define HAVE_UNISTD_H 1
| #define __EXTENSIONS__ 1
| #define _ALL_SOURCE 1
| #define _GNU_SOURCE 1
| #define _POSIX_PTHREAD_SEMANTICS 1
| #define _TANDEM_SOURCE 1
| #define ENABLE_NLS 1
| #define HAVE_GETTEXT 1
| #define HAVE_DCGETTEXT 1
| #define _FILE_OFFSET_BITS 64
| /* end confdefs.h.  */
| #ifndef __APPLE_CC__
| 	       not a universal capable compiler
| 	     #endif
| 	     typedef int dummy;
| 
configure:7009: gcc -c  -DGRUB_MACHINE_PCBIOS=1  conftest.c >&5
configure:7009: $? = 0
configure:7027: gcc -c  -DGRUB_MACHINE_PCBIOS=1  conftest.c >&5
conftest.c: In function 'main':
conftest.c:37:4: error: unknown type name 'not'
conftest.c:37:12: error: expected '=', ',', ';', 'asm' or '__attribute__' before 'endian'
configure:7027: $? = 1
configure: failed program was:
| /* confdefs.h */
| #define PACKAGE_NAME "GRUB"
| #define PACKAGE_TARNAME "grub"
| #define PACKAGE_VERSION "1.98"
| #define PACKAGE_STRING "GRUB 1.98"
| #define PACKAGE_BUGREPORT "bug-grub@gnu.org"
| #define PACKAGE_URL ""
| #define PACKAGE "grub"
| #define VERSION "1.98"
| #define STDC_HEADERS 1
| #define HAVE_SYS_TYPES_H 1
| #define HAVE_SYS_STAT_H 1
| #define HAVE_STDLIB_H 1
| #define HAVE_STRING_H 1
| #define HAVE_MEMORY_H 1
| #define HAVE_STRINGS_H 1
| #define HAVE_INTTYPES_H 1
| #define HAVE_STDINT_H 1
| #define HAVE_UNISTD_H 1
| #define __EXTENSIONS__ 1
| #define _ALL_SOURCE 1
| #define _GNU_SOURCE 1
| #define _POSIX_PTHREAD_SEMANTICS 1
| #define _TANDEM_SOURCE 1
| #define ENABLE_NLS 1
| #define HAVE_GETTEXT 1
| #define HAVE_DCGETTEXT 1
| #define _FILE_OFFSET_BITS 64
| /* end confdefs.h.  */
| #include <sys/types.h>
| 		#include <sys/param.h>
| 
| int
| main (void)
| {
| #if BYTE_ORDER != BIG_ENDIAN
| 		 not big endian
| 		#endif
| 
|   ;
|   return 0;
| }
configure:7155: result: no
configure:7177: checking size of void *
configure:7182: gcc -o conftest  -DGRUB_MACHINE_PCBIOS=1   conftest.c  >&5
configure:7182: $? = 0
configure:7182: ./conftest
configure:7182: $? = 0
configure:7197: result: 4
configure:7211: checking size of long
configure:7216: gcc -o conftest  -DGRUB_MACHINE_PCBIOS=1   conftest.c  >&5
configure:7216: $? = 0
configure:7216: ./conftest
configure:7216: $? = 0
configure:7231: result: 4
configure:7243: checking whether our compiler is apple cc
configure:7257: result: no
configure:7270: checking for help2man
configure:7303: result: no
configure:7314: checking for posix_memalign
configure:7314: gcc -o conftest  -DGRUB_MACHINE_PCBIOS=1   conftest.c  >&5
configure:7314: $? = 0
configure:7314: result: yes
configure:7314: checking for memalign
configure:7314: gcc -o conftest  -DGRUB_MACHINE_PCBIOS=1   conftest.c  >&5
configure:7314: $? = 0
configure:7314: result: yes
configure:7314: checking for asprintf
configure:7314: gcc -o conftest  -DGRUB_MACHINE_PCBIOS=1   conftest.c  >&5
configure:7314: $? = 0
configure:7314: result: yes
configure:7314: checking for vasprintf
configure:7314: gcc -o conftest  -DGRUB_MACHINE_PCBIOS=1   conftest.c  >&5
configure:7314: $? = 0
configure:7314: result: yes
configure:7326: checking whether sys/types.h defines makedev
configure:7342: gcc -o conftest  -DGRUB_MACHINE_PCBIOS=1   conftest.c  >&5
configure:7342: $? = 0
configure:7351: result: yes
configure:7379: checking for dirent.h that defines DIR
configure:7398: gcc -c  -DGRUB_MACHINE_PCBIOS=1  conftest.c >&5
configure:7398: $? = 0
configure:7406: result: yes
configure:7420: checking for library containing opendir
configure:7451: gcc -o conftest  -DGRUB_MACHINE_PCBIOS=1   conftest.c  >&5
configure:7451: $? = 0
configure:7468: result: none required
configure:7538: checking for memmove
configure:7538: gcc -o conftest  -DGRUB_MACHINE_PCBIOS=1   conftest.c  >&5
conftest.c:60:6: warning: conflicting types for built-in function 'memmove' [enabled by default]
configure:7538: $? = 0
configure:7538: result: yes
configure:7538: checking for sbrk
configure:7538: gcc -o conftest  -DGRUB_MACHINE_PCBIOS=1   conftest.c  >&5
configure:7538: $? = 0
configure:7538: result: yes
configure:7538: checking for strdup
configure:7538: gcc -o conftest  -DGRUB_MACHINE_PCBIOS=1   conftest.c  >&5
conftest.c:62:6: warning: conflicting types for built-in function 'strdup' [enabled by default]
configure:7538: $? = 0
configure:7538: result: yes
configure:7538: checking for lstat
configure:7538: gcc -o conftest  -DGRUB_MACHINE_PCBIOS=1   conftest.c  >&5
configure:7538: $? = 0
configure:7538: result: yes
configure:7538: checking for getuid
configure:7538: gcc -o conftest  -DGRUB_MACHINE_PCBIOS=1   conftest.c  >&5
configure:7538: $? = 0
configure:7538: result: yes
configure:7538: checking for getgid
configure:7538: gcc -o conftest  -DGRUB_MACHINE_PCBIOS=1   conftest.c  >&5
configure:7538: $? = 0
configure:7538: result: yes
configure:7551: checking sys/mkdev.h usability
configure:7551: gcc -c  -DGRUB_MACHINE_PCBIOS=1  conftest.c >&5
conftest.c:76:23: fatal error: sys/mkdev.h: No such file or directory
compilation terminated.
configure:7551: $? = 1
configure: failed program was:
| /* confdefs.h */
| #define PACKAGE_NAME "GRUB"
| #define PACKAGE_TARNAME "grub"
| #define PACKAGE_VERSION "1.98"
| #define PACKAGE_STRING "GRUB 1.98"
| #define PACKAGE_BUGREPORT "bug-grub@gnu.org"
| #define PACKAGE_URL ""
| #define PACKAGE "grub"
| #define VERSION "1.98"
| #define STDC_HEADERS 1
| #define HAVE_SYS_TYPES_H 1
| #define HAVE_SYS_STAT_H 1
| #define HAVE_STDLIB_H 1
| #define HAVE_STRING_H 1
| #define HAVE_MEMORY_H 1
| #define HAVE_STRINGS_H 1
| #define HAVE_INTTYPES_H 1
| #define HAVE_STDINT_H 1
| #define HAVE_UNISTD_H 1
| #define __EXTENSIONS__ 1
| #define _ALL_SOURCE 1
| #define _GNU_SOURCE 1
| #define _POSIX_PTHREAD_SEMANTICS 1
| #define _TANDEM_SOURCE 1
| #define ENABLE_NLS 1
| #define HAVE_GETTEXT 1
| #define HAVE_DCGETTEXT 1
| #define _FILE_OFFSET_BITS 64
| #define SIZEOF_VOID_P 4
| #define SIZEOF_LONG 4
| #define HAVE_POSIX_MEMALIGN 1
| #define HAVE_MEMALIGN 1
| #define HAVE_ASPRINTF 1
| #define HAVE_VASPRINTF 1
| #define HAVE_DIRENT_H 1
| #define HAVE_MEMMOVE 1
| #define HAVE_SBRK 1
| #define HAVE_STRDUP 1
| #define HAVE_LSTAT 1
| #define HAVE_GETUID 1
| #define HAVE_GETGID 1
| /* end confdefs.h.  */
| #include <stdio.h>
| #ifdef HAVE_SYS_TYPES_H
| # include <sys/types.h>
| #endif
| #ifdef HAVE_SYS_STAT_H
| # include <sys/stat.h>
| #endif
| #ifdef STDC_HEADERS
| # include <stdlib.h>
| # include <stddef.h>
| #else
| # ifdef HAVE_STDLIB_H
| #  include <stdlib.h>
| # endif
| #endif
| #ifdef HAVE_STRING_H
| # if !defined STDC_HEADERS && defined HAVE_MEMORY_H
| #  include <memory.h>
| # endif
| # include <string.h>
| #endif
| #ifdef HAVE_STRINGS_H
| # include <strings.h>
| #endif
| #ifdef HAVE_INTTYPES_H
| # include <inttypes.h>
| #endif
| #ifdef HAVE_STDINT_H
| # include <stdint.h>
| #endif
| #ifdef HAVE_UNISTD_H
| # include <unistd.h>
| #endif
| #include <sys/mkdev.h>
configure:7551: result: no
configure:7551: checking sys/mkdev.h presence
configure:7551: gcc -E  conftest.c
conftest.c:43:23: fatal error: sys/mkdev.h: No such file or directory
compilation terminated.
configure:7551: $? = 1
configure: failed program was:
| /* confdefs.h */
| #define PACKAGE_NAME "GRUB"
| #define PACKAGE_TARNAME "grub"
| #define PACKAGE_VERSION "1.98"
| #define PACKAGE_STRING "GRUB 1.98"
| #define PACKAGE_BUGREPORT "bug-grub@gnu.org"
| #define PACKAGE_URL ""
| #define PACKAGE "grub"
| #define VERSION "1.98"
| #define STDC_HEADERS 1
| #define HAVE_SYS_TYPES_H 1
| #define HAVE_SYS_STAT_H 1
| #define HAVE_STDLIB_H 1
| #define HAVE_STRING_H 1
| #define HAVE_MEMORY_H 1
| #define HAVE_STRINGS_H 1
| #define HAVE_INTTYPES_H 1
| #define HAVE_STDINT_H 1
| #define HAVE_UNISTD_H 1
| #define __EXTENSIONS__ 1
| #define _ALL_SOURCE 1
| #define _GNU_SOURCE 1
| #define _POSIX_PTHREAD_SEMANTICS 1
| #define _TANDEM_SOURCE 1
| #define ENABLE_NLS 1
| #define HAVE_GETTEXT 1
| #define HAVE_DCGETTEXT 1
| #define _FILE_OFFSET_BITS 64
| #define SIZEOF_VOID_P 4
| #define SIZEOF_LONG 4
| #define HAVE_POSIX_MEMALIGN 1
| #define HAVE_MEMALIGN 1
| #define HAVE_ASPRINTF 1
| #define HAVE_VASPRINTF 1
| #define HAVE_DIRENT_H 1
| #define HAVE_MEMMOVE 1
| #define HAVE_SBRK 1
| #define HAVE_STRDUP 1
| #define HAVE_LSTAT 1
| #define HAVE_GETUID 1
| #define HAVE_GETGID 1
| /* end confdefs.h.  */
| #include <sys/mkdev.h>
configure:7551: result: no
configure:7551: checking for sys/mkdev.h
configure:7551: result: no
configure:7551: checking sys/sysmacros.h usability
configure:7551: gcc -c  -DGRUB_MACHINE_PCBIOS=1  conftest.c >&5
configure:7551: $? = 0
configure:7551: result: yes
configure:7551: checking sys/sysmacros.h presence
configure:7551: gcc -E  conftest.c
configure:7551: $? = 0
configure:7551: result: yes
configure:7551: checking for sys/sysmacros.h
configure:7551: result: yes
configure:7551: checking malloc.h usability
configure:7551: gcc -c  -DGRUB_MACHINE_PCBIOS=1  conftest.c >&5
configure:7551: $? = 0
configure:7551: result: yes
configure:7551: checking malloc.h presence
configure:7551: gcc -E  conftest.c
configure:7551: $? = 0
configure:7551: result: yes
configure:7551: checking for malloc.h
configure:7551: result: yes
configure:7551: checking termios.h usability
configure:7551: gcc -c  -DGRUB_MACHINE_PCBIOS=1  conftest.c >&5
configure:7551: $? = 0
configure:7551: result: yes
configure:7551: checking termios.h presence
configure:7551: gcc -E  conftest.c
configure:7551: $? = 0
configure:7551: result: yes
configure:7551: checking for termios.h
configure:7551: result: yes
configure:7551: checking for sys/types.h
configure:7551: result: yes
configure:7565: checking for unistd.h
configure:7565: result: yes
configure:7565: checking for string.h
configure:7565: result: yes
configure:7565: checking for strings.h
configure:7565: result: yes
configure:7565: checking for sys/stat.h
configure:7565: result: yes
configure:7565: checking sys/fcntl.h usability
configure:7565: gcc -c  -DGRUB_MACHINE_PCBIOS=1  conftest.c >&5
configure:7565: $? = 0
configure:7565: result: yes
configure:7565: checking sys/fcntl.h presence
configure:7565: gcc -E  conftest.c
configure:7565: $? = 0
configure:7565: result: yes
configure:7565: checking for sys/fcntl.h
configure:7565: result: yes
configure:7565: checking limits.h usability
configure:7565: gcc -c  -DGRUB_MACHINE_PCBIOS=1  conftest.c >&5
configure:7565: $? = 0
configure:7565: result: yes
configure:7565: checking limits.h presence
configure:7565: gcc -E  conftest.c
configure:7565: $? = 0
configure:7565: result: yes
configure:7565: checking for limits.h
configure:7565: result: yes
configure:8011: checking for objcopy
configure:8027: found /usr/bin/objcopy
configure:8038: result: objcopy
configure:8103: checking for strip
configure:8119: found /usr/bin/strip
configure:8130: result: strip
configure:8195: checking for nm
configure:8211: found /usr/bin/nm
configure:8222: result: nm
configure:8266: checking whether -falign-loops works
configure:8284: gcc -c  -Os -DGRUB_MACHINE_PCBIOS=1 -falign-loops=1  conftest.c >&5
configure:8284: $? = 0
configure:8292: result: yes
configure:8310: checking whether -fno-dwarf2-cfi-asm works
configure:8329: gcc -c  -Os -DGRUB_MACHINE_PCBIOS=1 -falign-loops=1 -fno-dwarf2-cfi-asm  conftest.c >&5
configure:8329: $? = 0
configure:8338: result: yes
configure:8346: checking whether our target compiler is apple cc
configure:8360: result: no
configure:8470: checking for command to convert module to ELF format
configure:8477: result: 
configure:8577: checking whether `gcc' generates calls to `__enable_execute_stack()'
configure:8591: gcc  -Os -DGRUB_MACHINE_PCBIOS=1 -falign-loops=1 -S conftest.c
configure:8594: $? = 0
configure:8607: result: no
configure:8617: checking whether `gcc' has `-fPIE' as default
configure:8642: result: no
configure:8656: checking whether `gcc' accepts `-fstack-protector'
configure:8666: result: yes
configure:8684: checking whether `gcc' accepts `-mstack-arg-probe'
configure:8691: result: yes
configure:8739: checking for __bswapsi2
configure:8739: gcc -o conftest  -Os -DGRUB_MACHINE_PCBIOS=1 -Wall -W -Wshadow -Wpointer-arith -Wmissing-prototypes                -Wundef -Wstrict-prototypes -g -falign-jumps=1 -falign-loops=1 -falign-functions=1 -mno-mmx -mno-sse -mno-sse2 -mno-3dnow -fno-dwarf2-cfi-asm -m32 -fno-stack-protector -mno-stack-arg-probe -nostdlib -Wl,--defsym,___main=0x8100 -Wl,--defsym,abort=main -Wno-error   -m32 conftest.c -lgcc >&5
conftest.c:76:1: warning: function declaration isn't a prototype [-Wstrict-prototypes]
/usr/bin/ld: warning: cannot find entry symbol _start; defaulting to 00000000080480e0
configure:8739: $? = 0
configure:8739: result: yes
configure:8739: checking for __bswapdi2
configure:8739: gcc -o conftest  -Os -DGRUB_MACHINE_PCBIOS=1 -Wall -W -Wshadow -Wpointer-arith -Wmissing-prototypes                -Wundef -Wstrict-prototypes -g -falign-jumps=1 -falign-loops=1 -falign-functions=1 -mno-mmx -mno-sse -mno-sse2 -mno-3dnow -fno-dwarf2-cfi-asm -m32 -fno-stack-protector -mno-stack-arg-probe -nostdlib -Wl,--defsym,___main=0x8100 -Wl,--defsym,abort=main -Wno-error   -m32 conftest.c -lgcc >&5
conftest.c:77:1: warning: function declaration isn't a prototype [-Wstrict-prototypes]
/usr/bin/ld: warning: cannot find entry symbol _start; defaulting to 00000000080480e0
configure:8739: $? = 0
configure:8739: result: yes
configure:8739: checking for __ashldi3
configure:8739: gcc -o conftest  -Os -DGRUB_MACHINE_PCBIOS=1 -Wall -W -Wshadow -Wpointer-arith -Wmissing-prototypes                -Wundef -Wstrict-prototypes -g -falign-jumps=1 -falign-loops=1 -falign-functions=1 -mno-mmx -mno-sse -mno-sse2 -mno-3dnow -fno-dwarf2-cfi-asm -m32 -fno-stack-protector -mno-stack-arg-probe -nostdlib -Wl,--defsym,___main=0x8100 -Wl,--defsym,abort=main -Wno-error   -m32 conftest.c -lgcc >&5
conftest.c:78:1: warning: function declaration isn't a prototype [-Wstrict-prototypes]
/usr/bin/ld: warning: cannot find entry symbol _start; defaulting to 00000000080480e0
configure:8739: $? = 0
configure:8739: result: yes
configure:8739: checking for __ashrdi3
configure:8739: gcc -o conftest  -Os -DGRUB_MACHINE_PCBIOS=1 -Wall -W -Wshadow -Wpointer-arith -Wmissing-prototypes                -Wundef -Wstrict-prototypes -g -falign-jumps=1 -falign-loops=1 -falign-functions=1 -mno-mmx -mno-sse -mno-sse2 -mno-3dnow -fno-dwarf2-cfi-asm -m32 -fno-stack-protector -mno-stack-arg-probe -nostdlib -Wl,--defsym,___main=0x8100 -Wl,--defsym,abort=main -Wno-error   -m32 conftest.c -lgcc >&5
conftest.c:79:1: warning: function declaration isn't a prototype [-Wstrict-prototypes]
/usr/bin/ld: warning: cannot find entry symbol _start; defaulting to 00000000080480e0
configure:8739: $? = 0
configure:8739: result: yes
configure:8739: checking for __lshrdi3
configure:8739: gcc -o conftest  -Os -DGRUB_MACHINE_PCBIOS=1 -Wall -W -Wshadow -Wpointer-arith -Wmissing-prototypes                -Wundef -Wstrict-prototypes -g -falign-jumps=1 -falign-loops=1 -falign-functions=1 -mno-mmx -mno-sse -mno-sse2 -mno-3dnow -fno-dwarf2-cfi-asm -m32 -fno-stack-protector -mno-stack-arg-probe -nostdlib -Wl,--defsym,___main=0x8100 -Wl,--defsym,abort=main -Wno-error   -m32 conftest.c -lgcc >&5
conftest.c:80:1: warning: function declaration isn't a prototype [-Wstrict-prototypes]
/usr/bin/ld: warning: cannot find entry symbol _start; defaulting to 00000000080480e0
configure:8739: $? = 0
configure:8739: result: yes
configure:8739: checking for __trampoline_setup
configure:8739: gcc -o conftest  -Os -DGRUB_MACHINE_PCBIOS=1 -Wall -W -Wshadow -Wpointer-arith -Wmissing-prototypes                -Wundef -Wstrict-prototypes -g -falign-jumps=1 -falign-loops=1 -falign-functions=1 -mno-mmx -mno-sse -mno-sse2 -mno-3dnow -fno-dwarf2-cfi-asm -m32 -fno-stack-protector -mno-stack-arg-probe -nostdlib -Wl,--defsym,___main=0x8100 -Wl,--defsym,abort=main -Wno-error   -m32 conftest.c -lgcc >&5
conftest.c:81:1: warning: function declaration isn't a prototype [-Wstrict-prototypes]
/usr/bin/ld: warning: cannot find entry symbol _start; defaulting to 00000000080480d8
/tmp/ccNuHvGX.o: In function `main':
/home/xxha/git-server/open-source/grub-1.98/conftest.c:92: undefined reference to `__trampoline_setup'
collect2: ld returned 1 exit status
configure:8739: $? = 1
configure: failed program was:
| /* confdefs.h */
| #define PACKAGE_NAME "GRUB"
| #define PACKAGE_TARNAME "grub"
| #define PACKAGE_VERSION "1.98"
| #define PACKAGE_STRING "GRUB 1.98"
| #define PACKAGE_BUGREPORT "bug-grub@gnu.org"
| #define PACKAGE_URL ""
| #define PACKAGE "grub"
| #define VERSION "1.98"
| #define STDC_HEADERS 1
| #define HAVE_SYS_TYPES_H 1
| #define HAVE_SYS_STAT_H 1
| #define HAVE_STDLIB_H 1
| #define HAVE_STRING_H 1
| #define HAVE_MEMORY_H 1
| #define HAVE_STRINGS_H 1
| #define HAVE_INTTYPES_H 1
| #define HAVE_STDINT_H 1
| #define HAVE_UNISTD_H 1
| #define __EXTENSIONS__ 1
| #define _ALL_SOURCE 1
| #define _GNU_SOURCE 1
| #define _POSIX_PTHREAD_SEMANTICS 1
| #define _TANDEM_SOURCE 1
| #define ENABLE_NLS 1
| #define HAVE_GETTEXT 1
| #define HAVE_DCGETTEXT 1
| #define _FILE_OFFSET_BITS 64
| #define SIZEOF_VOID_P 4
| #define SIZEOF_LONG 4
| #define HAVE_POSIX_MEMALIGN 1
| #define HAVE_MEMALIGN 1
| #define HAVE_ASPRINTF 1
| #define HAVE_VASPRINTF 1
| #define HAVE_DIRENT_H 1
| #define HAVE_MEMMOVE 1
| #define HAVE_SBRK 1
| #define HAVE_STRDUP 1
| #define HAVE_LSTAT 1
| #define HAVE_GETUID 1
| #define HAVE_GETGID 1
| #define HAVE_SYS_SYSMACROS_H 1
| #define HAVE_MALLOC_H 1
| #define HAVE_TERMIOS_H 1
| #define HAVE_SYS_TYPES_H 1
| #define HAVE_UNISTD_H 1
| #define HAVE_STRING_H 1
| #define HAVE_STRINGS_H 1
| #define HAVE_SYS_STAT_H 1
| #define HAVE_SYS_FCNTL_H 1
| #define HAVE_LIMITS_H 1
| #define HAVE___BSWAPSI2 1
| #define HAVE___BSWAPDI2 1
| #define HAVE___ASHLDI3 1
| #define HAVE___ASHRDI3 1
| #define HAVE___LSHRDI3 1
| /* end confdefs.h.  */
| /* Define __trampoline_setup to an innocuous variant, in case <limits.h> declares __trampoline_setup.
|    For example, HP-UX 11i <limits.h> declares gettimeofday.  */
| #define __trampoline_setup innocuous___trampoline_setup
| 
| /* System header to define __stub macros and hopefully few prototypes,
|     which can conflict with char __trampoline_setup (); below.
|     Prefer <limits.h> to <assert.h> if __STDC__ is defined, since
|     <limits.h> exists even on freestanding compilers.  */
| 
| #ifdef __STDC__
| # include <limits.h>
| #else
| # include <assert.h>
| #endif
| 
| #undef __trampoline_setup
| 
| /* Override any GCC internal prototype to avoid an error.
|    Use char because int might match the return type of a GCC
|    builtin and then its argument prototype would still apply.  */
| #ifdef __cplusplus
| extern "C"
| #endif
| char __trampoline_setup ();
| /* The GNU C library defines this for functions which it implements
|     to always fail with ENOSYS.  Some functions are actually named
|     something starting with __ and the normal name is an alias.  */
| #if defined __stub___trampoline_setup || defined __stub_____trampoline_setup
| choke me
| #endif
| 
| int
| main (void)
| {
| return __trampoline_setup ();
|   ;
|   return 0;
| }
configure:8739: result: no
configure:8739: checking for __ucmpdi2
configure:8739: gcc -o conftest  -Os -DGRUB_MACHINE_PCBIOS=1 -Wall -W -Wshadow -Wpointer-arith -Wmissing-prototypes                -Wundef -Wstrict-prototypes -g -falign-jumps=1 -falign-loops=1 -falign-functions=1 -mno-mmx -mno-sse -mno-sse2 -mno-3dnow -fno-dwarf2-cfi-asm -m32 -fno-stack-protector -mno-stack-arg-probe -nostdlib -Wl,--defsym,___main=0x8100 -Wl,--defsym,abort=main -Wno-error   -m32 conftest.c -lgcc >&5
conftest.c:81:1: warning: function declaration isn't a prototype [-Wstrict-prototypes]
/usr/bin/ld: warning: cannot find entry symbol _start; defaulting to 00000000080480e0
configure:8739: $? = 0
configure:8739: result: yes
configure:8739: checking for _restgpr_14_x
configure:8739: gcc -o conftest  -Os -DGRUB_MACHINE_PCBIOS=1 -Wall -W -Wshadow -Wpointer-arith -Wmissing-prototypes                -Wundef -Wstrict-prototypes -g -falign-jumps=1 -falign-loops=1 -falign-functions=1 -mno-mmx -mno-sse -mno-sse2 -mno-3dnow -fno-dwarf2-cfi-asm -m32 -fno-stack-protector -mno-stack-arg-probe -nostdlib -Wl,--defsym,___main=0x8100 -Wl,--defsym,abort=main -Wno-error   -m32 conftest.c -lgcc >&5
conftest.c:82:1: warning: function declaration isn't a prototype [-Wstrict-prototypes]
/usr/bin/ld: warning: cannot find entry symbol _start; defaulting to 00000000080480d8
/tmp/ccTKtsW5.o: In function `main':
/home/xxha/git-server/open-source/grub-1.98/conftest.c:93: undefined reference to `_restgpr_14_x'
collect2: ld returned 1 exit status
configure:8739: $? = 1
configure: failed program was:
| /* confdefs.h */
| #define PACKAGE_NAME "GRUB"
| #define PACKAGE_TARNAME "grub"
| #define PACKAGE_VERSION "1.98"
| #define PACKAGE_STRING "GRUB 1.98"
| #define PACKAGE_BUGREPORT "bug-grub@gnu.org"
| #define PACKAGE_URL ""
| #define PACKAGE "grub"
| #define VERSION "1.98"
| #define STDC_HEADERS 1
| #define HAVE_SYS_TYPES_H 1
| #define HAVE_SYS_STAT_H 1
| #define HAVE_STDLIB_H 1
| #define HAVE_STRING_H 1
| #define HAVE_MEMORY_H 1
| #define HAVE_STRINGS_H 1
| #define HAVE_INTTYPES_H 1
| #define HAVE_STDINT_H 1
| #define HAVE_UNISTD_H 1
| #define __EXTENSIONS__ 1
| #define _ALL_SOURCE 1
| #define _GNU_SOURCE 1
| #define _POSIX_PTHREAD_SEMANTICS 1
| #define _TANDEM_SOURCE 1
| #define ENABLE_NLS 1
| #define HAVE_GETTEXT 1
| #define HAVE_DCGETTEXT 1
| #define _FILE_OFFSET_BITS 64
| #define SIZEOF_VOID_P 4
| #define SIZEOF_LONG 4
| #define HAVE_POSIX_MEMALIGN 1
| #define HAVE_MEMALIGN 1
| #define HAVE_ASPRINTF 1
| #define HAVE_VASPRINTF 1
| #define HAVE_DIRENT_H 1
| #define HAVE_MEMMOVE 1
| #define HAVE_SBRK 1
| #define HAVE_STRDUP 1
| #define HAVE_LSTAT 1
| #define HAVE_GETUID 1
| #define HAVE_GETGID 1
| #define HAVE_SYS_SYSMACROS_H 1
| #define HAVE_MALLOC_H 1
| #define HAVE_TERMIOS_H 1
| #define HAVE_SYS_TYPES_H 1
| #define HAVE_UNISTD_H 1
| #define HAVE_STRING_H 1
| #define HAVE_STRINGS_H 1
| #define HAVE_SYS_STAT_H 1
| #define HAVE_SYS_FCNTL_H 1
| #define HAVE_LIMITS_H 1
| #define HAVE___BSWAPSI2 1
| #define HAVE___BSWAPDI2 1
| #define HAVE___ASHLDI3 1
| #define HAVE___ASHRDI3 1
| #define HAVE___LSHRDI3 1
| #define HAVE___UCMPDI2 1
| /* end confdefs.h.  */
| /* Define _restgpr_14_x to an innocuous variant, in case <limits.h> declares _restgpr_14_x.
|    For example, HP-UX 11i <limits.h> declares gettimeofday.  */
| #define _restgpr_14_x innocuous__restgpr_14_x
| 
| /* System header to define __stub macros and hopefully few prototypes,
|     which can conflict with char _restgpr_14_x (); below.
|     Prefer <limits.h> to <assert.h> if __STDC__ is defined, since
|     <limits.h> exists even on freestanding compilers.  */
| 
| #ifdef __STDC__
| # include <limits.h>
| #else
| # include <assert.h>
| #endif
| 
| #undef _restgpr_14_x
| 
| /* Override any GCC internal prototype to avoid an error.
|    Use char because int might match the return type of a GCC
|    builtin and then its argument prototype would still apply.  */
| #ifdef __cplusplus
| extern "C"
| #endif
| char _restgpr_14_x ();
| /* The GNU C library defines this for functions which it implements
|     to always fail with ENOSYS.  Some functions are actually named
|     something starting with __ and the normal name is an alias.  */
| #if defined __stub__restgpr_14_x || defined __stub____restgpr_14_x
| choke me
| #endif
| 
| int
| main (void)
| {
| return _restgpr_14_x ();
|   ;
|   return 0;
| }
configure:8739: result: no
configure:8758: checking whether target compiler is working
configure:8777: gcc -o conftest  -Os -DGRUB_MACHINE_PCBIOS=1 -Wall -W -Wshadow -Wpointer-arith -Wmissing-prototypes                -Wundef -Wstrict-prototypes -g -falign-jumps=1 -falign-loops=1 -falign-functions=1 -mno-mmx -mno-sse -mno-sse2 -mno-3dnow -fno-dwarf2-cfi-asm -m32 -fno-stack-protector -mno-stack-arg-probe -nostdlib -Wl,--defsym,___main=0x8100   -m32 conftest.c  >&5
/usr/bin/ld: warning: cannot find entry symbol _start; defaulting to 00000000080480d8
configure:8777: $? = 0
configure:8787: result: yes
configure:8795: checking whether objcopy works for absolute addresses
configure:8809: gcc -c  -Os -DGRUB_MACHINE_PCBIOS=1 -Wall -W -Wshadow -Wpointer-arith -Wmissing-prototypes                -Wundef -Wstrict-prototypes -g -falign-jumps=1 -falign-loops=1 -falign-functions=1 -mno-mmx -mno-sse -mno-sse2 -mno-3dnow -fno-dwarf2-cfi-asm -m32 -fno-stack-protector -mno-stack-arg-probe -nostdlib -Wl,--defsym,___main=0x8100  conftest.c >&5
configure:8812: $? = 0
configure:8820: gcc  -Os -DGRUB_MACHINE_PCBIOS=1 -Wall -W -Wshadow -Wpointer-arith -Wmissing-prototypes                -Wundef -Wstrict-prototypes -g -falign-jumps=1 -falign-loops=1 -falign-functions=1 -mno-mmx -mno-sse -mno-sse2 -mno-3dnow -fno-dwarf2-cfi-asm -m32 -fno-stack-protector -mno-stack-arg-probe -nostdlib -Wl,--defsym,___main=0x8100 -nostdlib -Wl,-N  -Wl,-Ttext, -Wl,-Ttext -Wl,0x2000 conftest.o -o conftest.exec
/usr/bin/ld: warning: cannot find entry symbol _start; defaulting to 0000000000000000
configure:8823: $? = 0
configure:8829: objcopy --only-section=.text -O binary conftest.exec conftest
configure:8832: $? = 0
configure:8820: gcc  -Os -DGRUB_MACHINE_PCBIOS=1 -Wall -W -Wshadow -Wpointer-arith -Wmissing-prototypes                -Wundef -Wstrict-prototypes -g -falign-jumps=1 -falign-loops=1 -falign-functions=1 -mno-mmx -mno-sse -mno-sse2 -mno-3dnow -fno-dwarf2-cfi-asm -m32 -fno-stack-protector -mno-stack-arg-probe -nostdlib -Wl,--defsym,___main=0x8100 -nostdlib -Wl,-N  -Wl,-Ttext, -Wl,-Ttext -Wl,0x8000 conftest.o -o conftest.exec
/usr/bin/ld: warning: cannot find entry symbol _start; defaulting to 0000000000000000
configure:8823: $? = 0
configure:8829: objcopy --only-section=.text -O binary conftest.exec conftest
configure:8832: $? = 0
configure:8838: cmp -s conftest.old conftest
configure:8841: $? = 0
configure:8820: gcc  -Os -DGRUB_MACHINE_PCBIOS=1 -Wall -W -Wshadow -Wpointer-arith -Wmissing-prototypes                -Wundef -Wstrict-prototypes -g -falign-jumps=1 -falign-loops=1 -falign-functions=1 -mno-mmx -mno-sse -mno-sse2 -mno-3dnow -fno-dwarf2-cfi-asm -m32 -fno-stack-protector -mno-stack-arg-probe -nostdlib -Wl,--defsym,___main=0x8100 -nostdlib -Wl,-N  -Wl,-Ttext, -Wl,-Ttext -Wl,0x7C00 conftest.o -o conftest.exec
/usr/bin/ld: warning: cannot find entry symbol _start; defaulting to 0000000000000000
configure:8823: $? = 0
configure:8829: objcopy --only-section=.text -O binary conftest.exec conftest
configure:8832: $? = 0
configure:8838: cmp -s conftest.old conftest
configure:8841: $? = 0
configure:8852: result: yes
configure:8860: checking whether linker accepts --build-id=none
configure:8878: gcc -o conftest  -Os -DGRUB_MACHINE_PCBIOS=1 -Wall -W -Wshadow -Wpointer-arith -Wmissing-prototypes                -Wundef -Wstrict-prototypes -g -falign-jumps=1 -falign-loops=1 -falign-functions=1 -mno-mmx -mno-sse -mno-sse2 -mno-3dnow -fno-dwarf2-cfi-asm -m32 -fno-stack-protector -mno-stack-arg-probe -nostdlib -Wl,--defsym,___main=0x8100   -m32 -Wl,--build-id=none conftest.c  >&5
/usr/bin/ld: warning: cannot find entry symbol _start; defaulting to 0000000008048094
configure:8878: $? = 0
configure:8889: result: yes
configure:8897: checking if C symbols get an underscore after compilation
configure:8913: gcc  -Os -DGRUB_MACHINE_PCBIOS=1 -Wall -W -Wshadow -Wpointer-arith -Wmissing-prototypes                -Wundef -Wstrict-prototypes -g -falign-jumps=1 -falign-loops=1 -falign-functions=1 -mno-mmx -mno-sse -mno-sse2 -mno-3dnow -fno-dwarf2-cfi-asm -m32 -fno-stack-protector -mno-stack-arg-probe -nostdlib -Wl,--defsym,___main=0x8100 -S conftest.c
configure:8916: $? = 0
configure:8941: result: no
configure:8951: checking if __bss_start is defined by the compiler
configure:8967: gcc -o conftest  -Os -DGRUB_MACHINE_PCBIOS=1 -Wall -W -Wshadow -Wpointer-arith -Wmissing-prototypes                -Wundef -Wstrict-prototypes -g -falign-jumps=1 -falign-loops=1 -falign-functions=1 -mno-mmx -mno-sse -mno-sse2 -mno-3dnow -fno-dwarf2-cfi-asm -m32 -fno-stack-protector -mno-stack-arg-probe -nostdlib -Wl,--defsym,___main=0x8100   -m32 conftest.c  >&5
/usr/bin/ld: warning: cannot find entry symbol _start; defaulting to 00000000080480d8
configure:8967: $? = 0
configure:8977: result: yes
configure:8980: checking if edata is defined by the compiler
configure:8996: gcc -o conftest  -Os -DGRUB_MACHINE_PCBIOS=1 -Wall -W -Wshadow -Wpointer-arith -Wmissing-prototypes                -Wundef -Wstrict-prototypes -g -falign-jumps=1 -falign-loops=1 -falign-functions=1 -mno-mmx -mno-sse -mno-sse2 -mno-3dnow -fno-dwarf2-cfi-asm -m32 -fno-stack-protector -mno-stack-arg-probe -nostdlib -Wl,--defsym,___main=0x8100   -m32 conftest.c  >&5
/usr/bin/ld: warning: cannot find entry symbol _start; defaulting to 00000000080480d8
configure:8996: $? = 0
configure:9006: result: yes
configure:9009: checking if _edata is defined by the compiler
configure:9025: gcc -o conftest  -Os -DGRUB_MACHINE_PCBIOS=1 -Wall -W -Wshadow -Wpointer-arith -Wmissing-prototypes                -Wundef -Wstrict-prototypes -g -falign-jumps=1 -falign-loops=1 -falign-functions=1 -mno-mmx -mno-sse -mno-sse2 -mno-3dnow -fno-dwarf2-cfi-asm -m32 -fno-stack-protector -mno-stack-arg-probe -nostdlib -Wl,--defsym,___main=0x8100   -m32 conftest.c  >&5
/usr/bin/ld: warning: cannot find entry symbol _start; defaulting to 00000000080480d8
configure:9025: $? = 0
configure:9035: result: yes
configure:9054: checking if end is defined by the compiler
configure:9070: gcc -o conftest  -Os -DGRUB_MACHINE_PCBIOS=1 -Wall -W -Wshadow -Wpointer-arith -Wmissing-prototypes                -Wundef -Wstrict-prototypes -g -falign-jumps=1 -falign-loops=1 -falign-functions=1 -mno-mmx -mno-sse -mno-sse2 -mno-3dnow -fno-dwarf2-cfi-asm -m32 -fno-stack-protector -mno-stack-arg-probe -nostdlib -Wl,--defsym,___main=0x8100   -m32 conftest.c  >&5
/usr/bin/ld: warning: cannot find entry symbol _start; defaulting to 00000000080480d8
configure:9070: $? = 0
configure:9080: result: yes
configure:9083: checking if _end is defined by the compiler
configure:9099: gcc -o conftest  -Os -DGRUB_MACHINE_PCBIOS=1 -Wall -W -Wshadow -Wpointer-arith -Wmissing-prototypes                -Wundef -Wstrict-prototypes -g -falign-jumps=1 -falign-loops=1 -falign-functions=1 -mno-mmx -mno-sse -mno-sse2 -mno-3dnow -fno-dwarf2-cfi-asm -m32 -fno-stack-protector -mno-stack-arg-probe -nostdlib -Wl,--defsym,___main=0x8100   -m32 conftest.c  >&5
/usr/bin/ld: warning: cannot find entry symbol _start; defaulting to 00000000080480d8
configure:9099: $? = 0
configure:9109: result: yes
configure:9127: checking whether addr32 must be in the same line as the instruction
configure:9138: gcc  -Os -DGRUB_MACHINE_PCBIOS=1 -Wall -W -Wshadow -Wpointer-arith -Wmissing-prototypes                -Wundef -Wstrict-prototypes -g -falign-jumps=1 -falign-loops=1 -falign-functions=1 -mno-mmx -mno-sse -mno-sse2 -mno-3dnow -fno-dwarf2-cfi-asm -m32 -fno-stack-protector -mno-stack-arg-probe -c conftest.s
configure:9141: $? = 0
configure:9171: result: yes
configure:9175: checking for .code16 addr32 assembler support
configure:9192: gcc  -Os -DGRUB_MACHINE_PCBIOS=1 -Wall -W -Wshadow -Wpointer-arith -Wmissing-prototypes                -Wundef -Wstrict-prototypes -g -falign-jumps=1 -falign-loops=1 -falign-functions=1 -mno-mmx -mno-sse -mno-sse2 -mno-3dnow -fno-dwarf2-cfi-asm -m32 -fno-stack-protector -mno-stack-arg-probe -c conftest.s
configure:9195: $? = 0
configure:9206: result: yes
configure:9209: checking whether an absolute indirect call/jump must not be prefixed with an asterisk
configure:9222: gcc  -Os -DGRUB_MACHINE_PCBIOS=1 -Wall -W -Wshadow -Wpointer-arith -Wmissing-prototypes                -Wundef -Wstrict-prototypes -g -falign-jumps=1 -falign-loops=1 -falign-functions=1 -mno-mmx -mno-sse -mno-sse2 -mno-3dnow -fno-dwarf2-cfi-asm -m32 -fno-stack-protector -mno-stack-arg-probe -c conftest.s
configure:9225: $? = 0
configure:9242: result: no
configure:9261: checking whether options required for efiemu work
configure:9279: gcc -c  -Os -DGRUB_MACHINE_PCBIOS=1 -Wall -W -Wshadow -Wpointer-arith -Wmissing-prototypes                -Wundef -Wstrict-prototypes -g -falign-jumps=1 -falign-loops=1 -falign-functions=1 -mno-mmx -mno-sse -mno-sse2 -mno-3dnow -fno-dwarf2-cfi-asm -m32 -fno-stack-protector -mno-stack-arg-probe -m64 -mcmodel=large -mno-red-zone -nostdlib  conftest.c >&5
configure:9279: $? = 0
configure:9287: result: yes
configure:9303: checking whether -nostdinc -isystem works
configure:9323: gcc -c  -Os -DGRUB_MACHINE_PCBIOS=1 -Wall -W -Wshadow -Wpointer-arith -Wmissing-prototypes                -Wundef -Wstrict-prototypes -g -falign-jumps=1 -falign-loops=1 -falign-functions=1 -mno-mmx -mno-sse -mno-sse2 -mno-3dnow -fno-dwarf2-cfi-asm -m32 -fno-stack-protector -mno-stack-arg-probe -m64 -mcmodel=large -mno-red-zone -nostdlib  -nostdinc -isystem /usr/lib/gcc/i686-linux-gnu/4.6/include conftest.c >&5
configure:9323: $? = 0
configure:9332: result: yes
configure:9782: checking for freetype-config
configure:9812: result: no
configure:9864: checking whether ln can handle directories properly
configure:9872: result: yes
configure:10021: creating ./config.status

## ---------------------- ##
## Running config.status. ##
## ---------------------- ##

This file was extended by GRUB config.status 1.98, which was
generated by GNU Autoconf 2.65.  Invocation command line was

  CONFIG_FILES    = 
  CONFIG_HEADERS  = 
  CONFIG_LINKS    = 
  CONFIG_COMMANDS = 
  $ ./config.status 

on PAF4

config.status:976: creating Makefile
config.status:976: creating gensymlist.sh
config.status:976: creating genkernsyms.sh
config.status:976: creating stamp-h
config.status:976: creating config.h
config.status:1148: config.h is unchanged
config.status:1208: linking include/grub/i386 to include/grub/cpu
config.status:1208: linking include/grub/i386/pc to include/grub/machine
config.status:1227: executing depfiles commands
config.status:1227: executing po-directories commands

## ---------------- ##
## Cache variables. ##
## ---------------- ##

ac_cv_build=i686-pc-linux-gnu
ac_cv_c_bigendian=no
ac_cv_c_compiler_gnu=yes
ac_cv_env_CC_set=
ac_cv_env_CC_value=
ac_cv_env_CFLAGS_set=
ac_cv_env_CFLAGS_value=
ac_cv_env_CPPFLAGS_set=
ac_cv_env_CPPFLAGS_value=
ac_cv_env_CPP_set=
ac_cv_env_CPP_value=
ac_cv_env_LDFLAGS_set=
ac_cv_env_LDFLAGS_value=
ac_cv_env_LIBS_set=
ac_cv_env_LIBS_value=
ac_cv_env_build_alias_set=
ac_cv_env_build_alias_value=
ac_cv_env_host_alias_set=
ac_cv_env_host_alias_value=
ac_cv_env_target_alias_set=
ac_cv_env_target_alias_value=
ac_cv_func___ashldi3=yes
ac_cv_func___ashrdi3=yes
ac_cv_func___bswapdi2=yes
ac_cv_func___bswapsi2=yes
ac_cv_func___lshrdi3=yes
ac_cv_func___trampoline_setup=no
ac_cv_func___ucmpdi2=yes
ac_cv_func__restgpr_14_x=no
ac_cv_func_asprintf=yes
ac_cv_func_getgid=yes
ac_cv_func_getuid=yes
ac_cv_func_lstat=yes
ac_cv_func_memalign=yes
ac_cv_func_memmove=yes
ac_cv_func_posix_memalign=yes
ac_cv_func_sbrk=yes
ac_cv_func_strdup=yes
ac_cv_func_vasprintf=yes
ac_cv_header_dirent_dirent_h=yes
ac_cv_header_inttypes_h=yes
ac_cv_header_limits_h=yes
ac_cv_header_malloc_h=yes
ac_cv_header_memory_h=yes
ac_cv_header_minix_config_h=no
ac_cv_header_stdc=yes
ac_cv_header_stdint_h=yes
ac_cv_header_stdlib_h=yes
ac_cv_header_string_h=yes
ac_cv_header_strings_h=yes
ac_cv_header_sys_fcntl_h=yes
ac_cv_header_sys_mkdev_h=no
ac_cv_header_sys_stat_h=yes
ac_cv_header_sys_sysmacros_h=yes
ac_cv_header_sys_types_h=yes
ac_cv_header_sys_types_h_makedev=yes
ac_cv_header_termios_h=yes
ac_cv_header_unistd_h=yes
ac_cv_host=i686-pc-linux-gnu
ac_cv_objext=o
ac_cv_path_EGREP='/bin/grep -E'
ac_cv_path_GMSGFMT=:
ac_cv_path_GREP=/bin/grep
ac_cv_path_MSGFMT=:
ac_cv_path_MSGMERGE=:
ac_cv_path_XGETTEXT=:
ac_cv_path_install='/usr/bin/install -c'
ac_cv_path_mkdir=/bin/mkdir
ac_cv_prog_AWK=mawk
ac_cv_prog_CMP=cmp
ac_cv_prog_CPP='gcc -E'
ac_cv_prog_YACC=bison
ac_cv_prog_ac_ct_CC=gcc
ac_cv_prog_ac_ct_NM=nm
ac_cv_prog_ac_ct_OBJCOPY=objcopy
ac_cv_prog_ac_ct_STRIP=strip
ac_cv_prog_cc_c89=
ac_cv_prog_cc_g=yes
ac_cv_prog_make_make_set=yes
ac_cv_safe_to_define___extensions__=yes
ac_cv_search_opendir='none required'
ac_cv_sizeof_long=4
ac_cv_sizeof_void_p=4
ac_cv_sys_file_offset_bits=64
ac_cv_sys_largefile_CC=no
ac_cv_target=i686-pc-linux-gnu
acl_cv_hardcode_direct=no
acl_cv_hardcode_libdir_flag_spec='${wl}-rpath ${wl}$libdir'
acl_cv_hardcode_libdir_separator=
acl_cv_hardcode_minus_L=no
acl_cv_libext=a
acl_cv_libname_spec='lib$name'
acl_cv_library_names_spec='$libname$shrext'
acl_cv_path_LD=/usr/bin/ld
acl_cv_prog_gnu_ld=yes
acl_cv_rpath=done
acl_cv_shlibext=so
acl_cv_wl=-Wl,
am_cv_CC_dependencies_compiler_type=none
grub_cv_apple_cc=no
grub_cv_apple_target_cc=no
grub_cv_asm_uscore=no
grub_cv_cc_efiemu=yes
grub_cv_cc_falign_loop=yes
grub_cv_cc_fno_dwarf2_cfi_asm=yes
grub_cv_cc_isystem=yes
grub_cv_check_edata_symbol=yes
grub_cv_check_end_symbol=yes
grub_cv_check_uscore_edata_symbol=yes
grub_cv_check_uscore_end_symbol=yes
grub_cv_check_uscore_uscore_bss_start_symbol=yes
grub_cv_i386_asm_absolute_without_asterisk=no
grub_cv_i386_asm_addr32=yes
grub_cv_i386_asm_prefix_requirement=yes
grub_cv_prog_ld_build_id_none=yes
grub_cv_prog_objcopy_absolute=yes
grub_cv_prog_target_cc=yes
gt_cv_func_CFLocaleCopyCurrent=no
gt_cv_func_CFPreferencesCopyAppValue=no
gt_cv_func_gnugettext1_libc=yes

## ----------------- ##
## Output variables. ##
## ----------------- ##

ACLOCAL='${SHELL} /home/xxha/git-server/open-source/grub-1.98/missing --run aclocal-1.11'
AMDEPBACKSLASH='\'
AMDEP_FALSE='#'
AMDEP_TRUE=''
AMTAR='${SHELL} /home/xxha/git-server/open-source/grub-1.98/missing --run tar'
ASFLAGS=''
AUTOCONF='${SHELL} /home/xxha/git-server/open-source/grub-1.98/missing --run autoconf'
AUTOHEADER='${SHELL} /home/xxha/git-server/open-source/grub-1.98/missing --run autoheader'
AUTOMAKE='${SHELL} /home/xxha/git-server/open-source/grub-1.98/missing --run automake-1.11'
AWK='mawk'
CC='gcc'
CCDEPMODE='depmode=none'
CFLAGS=' -DGRUB_MACHINE_PCBIOS=1'
CMP='cmp'
CPP='gcc -E'
CPPFLAGS=''
CYGPATH_W='echo'
DEFS='-DHAVE_CONFIG_H'
DEPDIR='.deps'
ECHO_C=''
ECHO_N='-n'
ECHO_T=''
EGREP='/bin/grep -E'
EXEEXT=''
FONT_SOURCE=''
FREETYPE=''
GETTEXT_MACRO_VERSION='0.17'
GMSGFMT=':'
GMSGFMT_015=':'
GREP='/bin/grep'
HELP2MAN=''
INSTALL_DATA='${INSTALL} -m 644'
INSTALL_PROGRAM='${INSTALL}'
INSTALL_SCRIPT='${INSTALL}'
INSTALL_STRIP_PROGRAM='$(install_sh) -c -s'
INTLLIBS=''
INTL_MACOSX_LIBS=''
LDFLAGS=''
LIBCURSES=''
LIBICONV='-liconv'
LIBINTL=''
LIBOBJS=''
LIBPCIACCESS=''
LIBS=''
LIBSDL=''
LIBUSB=''
LTLIBICONV='-liconv'
LTLIBINTL=''
LTLIBOBJS=''
MAKEINFO=''
MKDIR_P='/bin/mkdir -p'
MSGFMT=':'
MSGFMT_015=':'
MSGMERGE=':'
NM='nm'
OBJCONV=''
OBJCOPY='objcopy'
OBJEXT='o'
PACKAGE='grub'
PACKAGE_BUGREPORT='bug-grub@gnu.org'
PACKAGE_NAME='GRUB'
PACKAGE_STRING='GRUB 1.98'
PACKAGE_TARNAME='grub'
PACKAGE_URL=''
PACKAGE_VERSION='1.98'
PATH_SEPARATOR=':'
POSUB='po'
RUBY=''
SET_MAKE=''
SHELL='/bin/bash'
STRIP='strip'
TARGET_APPLE_CC='0'
TARGET_ASFLAGS=' -DGRUB_MACHINE_PCBIOS=1'
TARGET_CC='gcc'
TARGET_CFLAGS=' -Os -DGRUB_MACHINE_PCBIOS=1 -Wall -W -Wshadow -Wpointer-arith -Wmissing-prototypes                -Wundef -Wstrict-prototypes -g -falign-jumps=1 -falign-loops=1 -falign-functions=1 -mno-mmx -mno-sse -mno-sse2 -mno-3dnow -fno-dwarf2-cfi-asm -m32 -fno-stack-protector -mno-stack-arg-probe'
TARGET_CPPFLAGS=' -nostdinc -isystem /usr/lib/gcc/i686-linux-gnu/4.6/include'
TARGET_IMG_CFLAGS=''
TARGET_IMG_LDFLAGS='-Wl,-N  -Wl,-Ttext,'
TARGET_IMG_LDSCRIPT=''
TARGET_LDFLAGS=' -m32 -Wl,--build-id=none'
TARGET_MODULE_FORMAT='elf32'
TARGET_OBJ2ELF=''
USE_NLS='yes'
VERSION='1.98'
XGETTEXT=':'
XGETTEXT_015=':'
XGETTEXT_EXTRA_OPTIONS=''
YACC='bison'
ac_ct_CC='gcc'
ac_ct_TARGET_CC=''
am__EXEEXT_FALSE=''
am__EXEEXT_TRUE='#'
am__fastdepCC_FALSE=''
am__fastdepCC_TRUE='#'
am__include='include'
am__isrc=''
am__leading_dot='.'
am__quote=''
am__tar='${AMTAR} chof - "$$tardir"'
am__untar='${AMTAR} xf -'
bindir='${exec_prefix}/bin'
build='i686-pc-linux-gnu'
build_alias=''
build_cpu='i686'
build_os='linux-gnu'
build_vendor='pc'
datadir='${datarootdir}'
datarootdir='${prefix}/share'
docdir='${datarootdir}/doc/${PACKAGE_TARNAME}'
dvidir='${docdir}'
enable_efiemu='yes'
enable_grub_emu_pci=''
enable_grub_emu_sdl=''
enable_grub_emu_usb=''
enable_grub_fstest='yes'
enable_grub_mkfont='no'
exec_prefix='${prefix}'
freetype_cflags=''
freetype_libs=''
host='i686-pc-linux-gnu'
host_alias=''
host_cpu='i686'
host_kernel='linux'
host_os='linux-gnu'
host_vendor='pc'
htmldir='${docdir}'
includedir='${prefix}/include'
infodir='${datarootdir}/info'
install_sh='${SHELL} /home/xxha/git-server/open-source/grub-1.98/install-sh'
libdir='${exec_prefix}/lib'
libexecdir='${exec_prefix}/libexec'
localedir='${datarootdir}/locale'
localstatedir='${prefix}/var'
mandir='${datarootdir}/man'
mkdir_p='/bin/mkdir -p'
oldincludedir='/usr/include'
pdfdir='${docdir}'
platform='pc'
prefix='/home/xxha/git-server/open-source/grub-1.98/install'
program_transform_name='s,x,x,'
psdir='${docdir}'
sbindir='${exec_prefix}/sbin'
sharedstatedir='${prefix}/com'
sysconfdir='${prefix}/etc'
target='i686-pc-linux-gnu'
target_alias=''
target_cpu='i386'
target_os='linux-gnu'
target_vendor='pc'

## ----------- ##
## confdefs.h. ##
## ----------- ##

/* confdefs.h */
#define PACKAGE_NAME "GRUB"
#define PACKAGE_TARNAME "grub"
#define PACKAGE_VERSION "1.98"
#define PACKAGE_STRING "GRUB 1.98"
#define PACKAGE_BUGREPORT "bug-grub@gnu.org"
#define PACKAGE_URL ""
#define PACKAGE "grub"
#define VERSION "1.98"
#define STDC_HEADERS 1
#define HAVE_SYS_TYPES_H 1
#define HAVE_SYS_STAT_H 1
#define HAVE_STDLIB_H 1
#define HAVE_STRING_H 1
#define HAVE_MEMORY_H 1
#define HAVE_STRINGS_H 1
#define HAVE_INTTYPES_H 1
#define HAVE_STDINT_H 1
#define HAVE_UNISTD_H 1
#define __EXTENSIONS__ 1
#define _ALL_SOURCE 1
#define _GNU_SOURCE 1
#define _POSIX_PTHREAD_SEMANTICS 1
#define _TANDEM_SOURCE 1
#define ENABLE_NLS 1
#define HAVE_GETTEXT 1
#define HAVE_DCGETTEXT 1
#define _FILE_OFFSET_BITS 64
#define SIZEOF_VOID_P 4
#define SIZEOF_LONG 4
#define HAVE_POSIX_MEMALIGN 1
#define HAVE_MEMALIGN 1
#define HAVE_ASPRINTF 1
#define HAVE_VASPRINTF 1
#define HAVE_DIRENT_H 1
#define HAVE_MEMMOVE 1
#define HAVE_SBRK 1
#define HAVE_STRDUP 1
#define HAVE_LSTAT 1
#define HAVE_GETUID 1
#define HAVE_GETGID 1
#define HAVE_SYS_SYSMACROS_H 1
#define HAVE_MALLOC_H 1
#define HAVE_TERMIOS_H 1
#define HAVE_SYS_TYPES_H 1
#define HAVE_UNISTD_H 1
#define HAVE_STRING_H 1
#define HAVE_STRINGS_H 1
#define HAVE_SYS_STAT_H 1
#define HAVE_SYS_FCNTL_H 1
#define HAVE_LIMITS_H 1
#define HAVE___BSWAPSI2 1
#define HAVE___BSWAPDI2 1
#define HAVE___ASHLDI3 1
#define HAVE___ASHRDI3 1
#define HAVE___LSHRDI3 1
#define HAVE___UCMPDI2 1
#define BSS_START_SYMBOL __bss_start
#define END_SYMBOL end
#define ADDR32 addr32
#define DATA32 data32

configure: exit 0

## ---------------------- ##
## Running config.status. ##
## ---------------------- ##

This file was extended by GRUB config.status 1.98, which was
generated by GNU Autoconf 2.65.  Invocation command line was

  CONFIG_FILES    = 
  CONFIG_HEADERS  = 
  CONFIG_LINKS    = 
  CONFIG_COMMANDS = 
  $ ./config.status --file=-:util/grub-mkrescue.in

on PAF4


## ---------------------- ##
## Running config.status. ##
## ---------------------- ##

This file was extended by GRUB config.status 1.98, which was
generated by GNU Autoconf 2.65.  Invocation command line was

  CONFIG_FILES    = 
  CONFIG_HEADERS  = 
  CONFIG_LINKS    = 
  CONFIG_COMMANDS = 
  $ ./config.status --file=-:util/grub-install.in

on PAF4

config.status:1084: WARNING:  'util/grub-install.in' seems to ignore the --datarootdir setting

## ---------------------- ##
## Running config.status. ##
## ---------------------- ##

This file was extended by GRUB config.status 1.98, which was
generated by GNU Autoconf 2.65.  Invocation command line was

  CONFIG_FILES    = 
  CONFIG_HEADERS  = 
  CONFIG_LINKS    = 
  CONFIG_COMMANDS = 
  $ ./config.status --file=grub-mkconfig:util/grub-mkconfig.in

on PAF4

config.status:976: creating grub-mkconfig

## ---------------------- ##
## Running config.status. ##
## ---------------------- ##

This file was extended by GRUB config.status 1.98, which was
generated by GNU Autoconf 2.65.  Invocation command line was

  CONFIG_FILES    = 
  CONFIG_HEADERS  = 
  CONFIG_LINKS    = 
  CONFIG_COMMANDS = 
  $ ./config.status --file=grub-set-default:util/grub-set-default.in

on PAF4

config.status:976: creating grub-set-default

## ---------------------- ##
## Running config.status. ##
## ---------------------- ##

This file was extended by GRUB config.status 1.98, which was
generated by GNU Autoconf 2.65.  Invocation command line was

  CONFIG_FILES    = 
  CONFIG_HEADERS  = 
  CONFIG_LINKS    = 
  CONFIG_COMMANDS = 
  $ ./config.status --file=grub-reboot:util/grub-reboot.in

on PAF4

config.status:976: creating grub-reboot

## ---------------------- ##
## Running config.status. ##
## ---------------------- ##

This file was extended by GRUB config.status 1.98, which was
generated by GNU Autoconf 2.65.  Invocation command line was

  CONFIG_FILES    = 
  CONFIG_HEADERS  = 
  CONFIG_LINKS    = 
  CONFIG_COMMANDS = 
  $ ./config.status --file=00_header:util/grub.d/00_header.in

on PAF4

config.status:976: creating 00_header

## ---------------------- ##
## Running config.status. ##
## ---------------------- ##

This file was extended by GRUB config.status 1.98, which was
generated by GNU Autoconf 2.65.  Invocation command line was

  CONFIG_FILES    = 
  CONFIG_HEADERS  = 
  CONFIG_LINKS    = 
  CONFIG_COMMANDS = 
  $ ./config.status --file=30_os-prober:util/grub.d/30_os-prober.in

on PAF4

config.status:976: creating 30_os-prober

## ---------------------- ##
## Running config.status. ##
## ---------------------- ##

This file was extended by GRUB config.status 1.98, which was
generated by GNU Autoconf 2.65.  Invocation command line was

  CONFIG_FILES    = 
  CONFIG_HEADERS  = 
  CONFIG_LINKS    = 
  CONFIG_COMMANDS = 
  $ ./config.status --file=40_custom:util/grub.d/40_custom.in

on PAF4

config.status:976: creating 40_custom

## ---------------------- ##
## Running config.status. ##
## ---------------------- ##

This file was extended by GRUB config.status 1.98, which was
generated by GNU Autoconf 2.65.  Invocation command line was

  CONFIG_FILES    = 
  CONFIG_HEADERS  = 
  CONFIG_LINKS    = 
  CONFIG_COMMANDS = 
  $ ./config.status --file=10_linux:util/grub.d/10_linux.in

on PAF4

config.status:976: creating 10_linux

## ---------------------- ##
## Running config.status. ##
## ---------------------- ##

This file was extended by GRUB config.status 1.98, which was
generated by GNU Autoconf 2.65.  Invocation command line was

  CONFIG_FILES    = 
  CONFIG_HEADERS  = 
  CONFIG_LINKS    = 
  CONFIG_COMMANDS = 
  $ ./config.status --file=grub-mkconfig_lib:util/grub-mkconfig_lib.in

on PAF4

config.status:976: creating grub-mkconfig_lib

## ---------------------- ##
## Running config.status. ##
## ---------------------- ##

This file was extended by GRUB config.status 1.98, which was
generated by GNU Autoconf 2.65.  Invocation command line was

  CONFIG_FILES    = 
  CONFIG_HEADERS  = 
  CONFIG_LINKS    = 
  CONFIG_COMMANDS = 
  $ ./config.status --file=update-grub_lib:util/update-grub_lib.in

on PAF4

config.status:976: creating update-grub_lib

## ---------------------- ##
## Running config.status. ##
## ---------------------- ##

This file was extended by GRUB config.status 1.98, which was
generated by GNU Autoconf 2.65.  Invocation command line was

  CONFIG_FILES    = 
  CONFIG_HEADERS  = 
  CONFIG_LINKS    = 
  CONFIG_COMMANDS = 
  $ ./config.status --file=-:util/grub-mkrescue.in

on PAF4


## ---------------------- ##
## Running config.status. ##
## ---------------------- ##

This file was extended by GRUB config.status 1.98, which was
generated by GNU Autoconf 2.65.  Invocation command line was

  CONFIG_FILES    = 
  CONFIG_HEADERS  = 
  CONFIG_LINKS    = 
  CONFIG_COMMANDS = 
  $ ./config.status --file=-:util/grub-install.in

on PAF4

config.status:1084: WARNING:  'util/grub-install.in' seems to ignore the --datarootdir setting

## ---------------------- ##
## Running config.status. ##
## ---------------------- ##

This file was extended by GRUB config.status 1.98, which was
generated by GNU Autoconf 2.65.  Invocation command line was

  CONFIG_FILES    = 
  CONFIG_HEADERS  = 
  CONFIG_LINKS    = 
  CONFIG_COMMANDS = 
  $ ./config.status --file=grub-mkconfig:util/grub-mkconfig.in

on PAF4

config.status:976: creating grub-mkconfig

## ---------------------- ##
## Running config.status. ##
## ---------------------- ##

This file was extended by GRUB config.status 1.98, which was
generated by GNU Autoconf 2.65.  Invocation command line was

  CONFIG_FILES    = 
  CONFIG_HEADERS  = 
  CONFIG_LINKS    = 
  CONFIG_COMMANDS = 
  $ ./config.status --file=grub-set-default:util/grub-set-default.in

on PAF4

config.status:976: creating grub-set-default

## ---------------------- ##
## Running config.status. ##
## ---------------------- ##

This file was extended by GRUB config.status 1.98, which was
generated by GNU Autoconf 2.65.  Invocation command line was

  CONFIG_FILES    = 
  CONFIG_HEADERS  = 
  CONFIG_LINKS    = 
  CONFIG_COMMANDS = 
  $ ./config.status --file=grub-reboot:util/grub-reboot.in

on PAF4

config.status:976: creating grub-reboot

## ---------------------- ##
## Running config.status. ##
## ---------------------- ##

This file was extended by GRUB config.status 1.98, which was
generated by GNU Autoconf 2.65.  Invocation command line was

  CONFIG_FILES    = 
  CONFIG_HEADERS  = 
  CONFIG_LINKS    = 
  CONFIG_COMMANDS = 
  $ ./config.status --file=00_header:util/grub.d/00_header.in

on PAF4

config.status:976: creating 00_header

## ---------------------- ##
## Running config.status. ##
## ---------------------- ##

This file was extended by GRUB config.status 1.98, which was
generated by GNU Autoconf 2.65.  Invocation command line was

  CONFIG_FILES    = 
  CONFIG_HEADERS  = 
  CONFIG_LINKS    = 
  CONFIG_COMMANDS = 
  $ ./config.status --file=30_os-prober:util/grub.d/30_os-prober.in

on PAF4

config.status:976: creating 30_os-prober

## ---------------------- ##
## Running config.status. ##
## ---------------------- ##

This file was extended by GRUB config.status 1.98, which was
generated by GNU Autoconf 2.65.  Invocation command line was

  CONFIG_FILES    = 
  CONFIG_HEADERS  = 
  CONFIG_LINKS    = 
  CONFIG_COMMANDS = 
  $ ./config.status --file=40_custom:util/grub.d/40_custom.in

on PAF4

config.status:976: creating 40_custom

## ---------------------- ##
## Running config.status. ##
## ---------------------- ##

This file was extended by GRUB config.status 1.98, which was
generated by GNU Autoconf 2.65.  Invocation command line was

  CONFIG_FILES    = 
  CONFIG_HEADERS  = 
  CONFIG_LINKS    = 
  CONFIG_COMMANDS = 
  $ ./config.status --file=10_linux:util/grub.d/10_linux.in

on PAF4

config.status:976: creating 10_linux

## ---------------------- ##
## Running config.status. ##
## ---------------------- ##

This file was extended by GRUB config.status 1.98, which was
generated by GNU Autoconf 2.65.  Invocation command line was

  CONFIG_FILES    = 
  CONFIG_HEADERS  = 
  CONFIG_LINKS    = 
  CONFIG_COMMANDS = 
  $ ./config.status --file=grub-mkconfig_lib:util/grub-mkconfig_lib.in

on PAF4

config.status:976: creating grub-mkconfig_lib

## ---------------------- ##
## Running config.status. ##
## ---------------------- ##

This file was extended by GRUB config.status 1.98, which was
generated by GNU Autoconf 2.65.  Invocation command line was

  CONFIG_FILES    = 
  CONFIG_HEADERS  = 
  CONFIG_LINKS    = 
  CONFIG_COMMANDS = 
  $ ./config.status --file=update-grub_lib:util/update-grub_lib.in

on PAF4

config.status:976: creating update-grub_lib

## ---------------------- ##
## Running config.status. ##
## ---------------------- ##

This file was extended by GRUB config.status 1.98, which was
generated by GNU Autoconf 2.65.  Invocation command line was

  CONFIG_FILES    = 
  CONFIG_HEADERS  = 
  CONFIG_LINKS    = 
  CONFIG_COMMANDS = 
  $ ./config.status --file=-:util/grub-mkrescue.in

on PAF4


## ---------------------- ##
## Running config.status. ##
## ---------------------- ##

This file was extended by GRUB config.status 1.98, which was
generated by GNU Autoconf 2.65.  Invocation command line was

  CONFIG_FILES    = 
  CONFIG_HEADERS  = 
  CONFIG_LINKS    = 
  CONFIG_COMMANDS = 
  $ ./config.status --file=-:util/grub-install.in

on PAF4

config.status:1084: WARNING:  'util/grub-install.in' seems to ignore the --datarootdir setting

## ---------------------- ##
## Running config.status. ##
## ---------------------- ##

This file was extended by GRUB config.status 1.98, which was
generated by GNU Autoconf 2.65.  Invocation command line was

  CONFIG_FILES    = 
  CONFIG_HEADERS  = 
  CONFIG_LINKS    = 
  CONFIG_COMMANDS = 
  $ ./config.status --file=grub-mkconfig:util/grub-mkconfig.in

on PAF4

config.status:976: creating grub-mkconfig

## ---------------------- ##
## Running config.status. ##
## ---------------------- ##

This file was extended by GRUB config.status 1.98, which was
generated by GNU Autoconf 2.65.  Invocation command line was

  CONFIG_FILES    = 
  CONFIG_HEADERS  = 
  CONFIG_LINKS    = 
  CONFIG_COMMANDS = 
  $ ./config.status --file=grub-set-default:util/grub-set-default.in

on PAF4

config.status:976: creating grub-set-default

## ---------------------- ##
## Running config.status. ##
## ---------------------- ##

This file was extended by GRUB config.status 1.98, which was
generated by GNU Autoconf 2.65.  Invocation command line was

  CONFIG_FILES    = 
  CONFIG_HEADERS  = 
  CONFIG_LINKS    = 
  CONFIG_COMMANDS = 
  $ ./config.status --file=grub-reboot:util/grub-reboot.in

on PAF4

config.status:976: creating grub-reboot

## ---------------------- ##
## Running config.status. ##
## ---------------------- ##

This file was extended by GRUB config.status 1.98, which was
generated by GNU Autoconf 2.65.  Invocation command line was

  CONFIG_FILES    = 
  CONFIG_HEADERS  = 
  CONFIG_LINKS    = 
  CONFIG_COMMANDS = 
  $ ./config.status --file=00_header:util/grub.d/00_header.in

on PAF4

config.status:976: creating 00_header

## ---------------------- ##
## Running config.status. ##
## ---------------------- ##

This file was extended by GRUB config.status 1.98, which was
generated by GNU Autoconf 2.65.  Invocation command line was

  CONFIG_FILES    = 
  CONFIG_HEADERS  = 
  CONFIG_LINKS    = 
  CONFIG_COMMANDS = 
  $ ./config.status --file=30_os-prober:util/grub.d/30_os-prober.in

on PAF4

config.status:976: creating 30_os-prober

## ---------------------- ##
## Running config.status. ##
## ---------------------- ##

This file was extended by GRUB config.status 1.98, which was
generated by GNU Autoconf 2.65.  Invocation command line was

  CONFIG_FILES    = 
  CONFIG_HEADERS  = 
  CONFIG_LINKS    = 
  CONFIG_COMMANDS = 
  $ ./config.status --file=40_custom:util/grub.d/40_custom.in

on PAF4

config.status:976: creating 40_custom

## ---------------------- ##
## Running config.status. ##
## ---------------------- ##

This file was extended by GRUB config.status 1.98, which was
generated by GNU Autoconf 2.65.  Invocation command line was

  CONFIG_FILES    = 
  CONFIG_HEADERS  = 
  CONFIG_LINKS    = 
  CONFIG_COMMANDS = 
  $ ./config.status --file=10_linux:util/grub.d/10_linux.in

on PAF4

config.status:976: creating 10_linux

## ---------------------- ##
## Running config.status. ##
## ---------------------- ##

This file was extended by GRUB config.status 1.98, which was
generated by GNU Autoconf 2.65.  Invocation command line was

  CONFIG_FILES    = 
  CONFIG_HEADERS  = 
  CONFIG_LINKS    = 
  CONFIG_COMMANDS = 
  $ ./config.status --file=grub-mkconfig_lib:util/grub-mkconfig_lib.in

on PAF4

config.status:976: creating grub-mkconfig_lib

## ---------------------- ##
## Running config.status. ##
## ---------------------- ##

This file was extended by GRUB config.status 1.98, which was
generated by GNU Autoconf 2.65.  Invocation command line was

  CONFIG_FILES    = 
  CONFIG_HEADERS  = 
  CONFIG_LINKS    = 
  CONFIG_COMMANDS = 
  $ ./config.status --file=update-grub_lib:util/update-grub_lib.in

on PAF4

config.status:976: creating update-grub_lib
