grub_machine_mmaphook_int15 mmap
grub_machine_mmaphook_kblow mmap
grub_machine_mmaphook_start mmap
grub_mmap_fini mmap
grub_machine_mmaphook_int15offset mmap
grub_machine_mmaphook_end mmap
grub_machine_mmaphook_int15segment mmap
grub_mmap_free_and_unregister mmap
grub_machine_mmap_unregister mmap
grub_machine_mmaphook_kbin16mb mmap
grub_machine_mmaphook_mmap_num mmap
grub_mmap_iterate mmap
grub_machine_mmaphook_int12 mmap
grub_mmap_get_lower mmap
grub_mmap_get_upper mmap
grub_machine_mmaphook_64kbin4gb mmap
grub_mmap_register mmap
grub_mmap_init mmap
grub_mmap_overlays mmap
grub_mmap_malign_and_register mmap
grub_mmap_get_post64 mmap
grub_mmap_unregister mmap
grub_machine_mmap_register mmap
