grub_crypto_ecb_encrypt crypto
grub_crypto_lookup_md_by_name crypto
grub_crypto_hmac_fini crypto
grub_crypto_hmac_init crypto
grub_crypto_cipher_close crypto
grub_crypto_cipher_open crypto
grub_burn_stack crypto
grub_crypto_cbc_encrypt crypto
grub_crypto_gcry_error crypto
grub_cipher_unregister crypto
grub_crypto_memcmp crypto
grub_password_get crypto
grub_cipher_register crypto
grub_crypto_cbc_decrypt crypto
grub_crypto_autoload_hook crypto
grub_md_unregister crypto
grub_crypto_lookup_cipher_by_name crypto
grub_crypto_hash crypto
grub_crypto_xor crypto
grub_crypto_hmac_write crypto
grub_md_register crypto
grub_crypto_ecb_decrypt crypto
grub_crypto_hmac_buffer crypto
grub_crypto_cipher_set_key crypto
