grub_video_get_blit_format video
grub_video_video_fini video
grub_video_map_color video
grub_video_delete_render_target video
grub_video_scroll video
grub_video_set_mode video
grub_video_get_active_render_target video
grub_video_blit_bitmap video
grub_video_unmap_color video
grub_video_map_rgba video
grub_video_fill_rect video
grub_video_unregister video
grub_video_create_render_target video
grub_video_iterate video
grub_video_video_init video
grub_video_get_viewport video
grub_video_get_driver_id video
grub_video_get_palette video
grub_video_set_palette video
grub_video_swap_buffers video
grub_video_restore video
grub_video_register video
grub_video_set_active_render_target video
grub_video_map_rgb video
grub_video_get_info_and_fini video
grub_video_get_info video
grub_video_blit_render_target video
grub_video_set_viewport video
