fs/affs.c:GRUB_MOD_INIT(affs)
fs/cpio.c:GRUB_MOD_INIT (tar)
fs/cpio.c:GRUB_MOD_INIT (cpio)
fs/ext2.c:GRUB_MOD_INIT(ext2)
fs/fat.c:GRUB_MOD_INIT(fat)
fs/hfs.c:GRUB_MOD_INIT(hfs)
fs/hfsplus.c:GRUB_MOD_INIT(hfsplus)
fs/iso9660.c:GRUB_MOD_INIT(iso9660)
fs/udf.c:GRUB_MOD_INIT (udf)
fs/jfs.c:GRUB_MOD_INIT(jfs)
fs/minix.c:GRUB_MOD_INIT(minix)
fs/ntfs.c:GRUB_MOD_INIT (ntfs)
fs/ntfscomp.c:GRUB_MOD_INIT (ntfscomp)
fs/reiserfs.c:GRUB_MOD_INIT(reiserfs)
fs/sfs.c:GRUB_MOD_INIT(sfs)
fs/ufs.c:GRUB_MOD_INIT(ufs2)
fs/ufs.c:GRUB_MOD_INIT(ufs1)
fs/xfs.c:GRUB_MOD_INIT(xfs)
fs/afs.c:GRUB_MOD_INIT (befs_be)
fs/afs.c:GRUB_MOD_INIT (befs)
fs/afs.c:GRUB_MOD_INIT (afs_be)
fs/afs.c:GRUB_MOD_INIT (afs)
partmap/msdos.c:GRUB_MOD_INIT(pc_partition_map)
partmap/gpt.c:GRUB_MOD_INIT(gpt_partition_map)
disk/raid.c:GRUB_MOD_INIT(raid)
disk/mdraid_linux.c:GRUB_MOD_INIT (mdraid)
disk/lvm.c:GRUB_MOD_INIT(lvm)
