linux
grub_strlen
grub_os_area_addr
grub_wait_after_message
grub_xasprintf
grub_video_set_mode
grub_memmove
grub_vbe_bios_getset_dac_palette_width
grub_fatal
grub_dl_ref
grub_mmap_iterate
grub_file_seek
grub_errno
grub_memset
grub_register_command_prio
grub_printf
grub_unregister_command
grub_file_read
grub_term_outputs
grub_print_error
grub_strcmp
grub_file_close
grub_file_open
grub_real_dprintf
grub_vbe_bios_get_controller_info
grub_error
grub_video_get_info_and_fini
grub_free
grub_dl_unref
grub_stpcpy
grub_env_set
grub_os_area_size
grub_memcmp
grub_loader_set
grub_env_get
grub_strtoul
