biosdisk
grub_biosdisk_check_int13_extensions
grub_memmove
grub_disk_firmware_is_tainted
grub_divmod64
grub_snprintf
grub_disk_dev_register
grub_biosdisk_get_cdinfo_int13_extensions
grub_errno
grub_biosdisk_get_num_floppies
grub_memset
grub_boot_drive
grub_disk_firmware_fini
grub_printf
grub_biosdisk_get_diskinfo_int13_extensions
grub_biosdisk_rw_standard
grub_zalloc
grub_real_dprintf
grub_biosdisk_rw_int13_extensions
grub_biosdisk_get_diskinfo_standard
grub_error
grub_free
grub_disk_dev_unregister
grub_strtoul
