multiboot
grub_strlen
grub_relocator32_boot
grub_xasprintf
grub_video_set_mode
grub_memmove
grub_device_open
grub_strdup
grub_loader_unset
grub_dl_ref
grub_mmap_iterate
grub_file_seek
grub_errno
grub_memset
grub_gzfile_open
grub_register_command_prio
grub_relocator32_free
grub_video_get_driver_id
grub_mmap_get_lower
grub_mmap_get_upper
grub_unregister_command
grub_relocator32_alloc
grub_video_get_palette
grub_file_read
grub_get_root_biosnumber
grub_print_error
grub_relocator32_realloc
grub_malloc
grub_file_close
grub_real_dprintf
grub_device_close
grub_error
grub_video_get_info_and_fini
grub_free
grub_dl_unref
grub_stpcpy
grub_env_set
grub_loader_set
grub_env_get
grub_strtoul
grub_memalign
