bsd
grub_strlen
grub_strncpy
grub_aout_get_type
grub_os_area_addr
grub_strcpy
grub_elf_is_elf32
grub_strrchr
grub_elf_file
grub_xasprintf
grub_video_set_mode
grub_memmove
grub_device_open
grub_strdup
grub_unregister_extcmd
grub_loader_unset
grub_dl_ref
grub_mmap_iterate
grub_file_seek
grub_errno
grub_memset
grub_gzfile_open
grub_register_command_prio
grub_elf_is_elf64
grub_mmap_get_lower
grub_mmap_get_upper
grub_printf
grub_unregister_command
grub_env_iterate
grub_file_read
grub_get_root_biosnumber
grub_elf_close
grub_strcmp
grub_strchr
grub_malloc
grub_elf64_load
grub_file_close
grub_real_dprintf
grub_device_close
grub_error
grub_cpuid_has_longmode
grub_free
grub_dl_unref
grub_register_extcmd
grub_env_set
grub_os_area_size
grub_memcmp
grub_loader_set
grub_elf32_load
grub_strtoul
grub_aout_load
