gfxterm
grub_video_bitmap_get_width
grub_video_map_color
grub_video_delete_render_target
grub_font_get_glyph
grub_video_bitmap_load
grub_xasprintf
grub_font_get_ascent
grub_video_scroll
grub_video_set_mode
grub_video_get_active_render_target
grub_video_blit_bitmap
grub_memmove
grub_video_map_rgba
grub_video_fill_rect
grub_video_create_render_target
grub_unregister_extcmd
grub_video_bitmap_destroy
grub_font_get
grub_errno
grub_memset
grub_term_outputs_disabled
grub_video_get_viewport
grub_font_draw_glyph
grub_term_outputs
grub_strcmp
grub_malloc
grub_video_swap_buffers
grub_video_restore
grub_video_set_active_render_target
grub_putchar
grub_video_map_rgb
grub_error
grub_list_remove
grub_free
grub_font_get_max_char_height
grub_video_get_info
grub_video_blit_render_target
grub_register_extcmd
grub_video_set_viewport
grub_list_push
grub_video_bitmap_get_height
grub_env_get
grub_video_bitmap_create_scaled
